TN:
SF:lib/openzeppelin-contracts/contracts/access/AccessControl.sol
DA:63,8167
FN:63,AccessControl.onlyRole
FNDA:8167,AccessControl.onlyRole
DA:64,8167
DA:69,0
FN:69,AccessControl.supportsInterface
FNDA:0,AccessControl.supportsInterface
DA:70,0
DA:76,12756
FN:76,AccessControl.hasRole
FNDA:12756,AccessControl.hasRole
DA:77,12756
DA:84,8318
FN:84,AccessControl._checkRole.0
FNDA:8318,AccessControl._checkRole.0
DA:85,8318
DA:92,8318
FN:92,AccessControl._checkRole.1
FNDA:8318,AccessControl._checkRole.1
DA:93,8318
BRDA:93,0,0,8167
DA:94,8167
DA:104,0
FN:104,AccessControl.getRoleAdmin
FNDA:0,AccessControl.getRoleAdmin
DA:105,0
DA:120,0
FN:120,AccessControl.grantRole
FNDA:0,AccessControl.grantRole
DA:121,0
DA:135,0
FN:135,AccessControl.revokeRole
FNDA:0,AccessControl.revokeRole
DA:136,0
DA:155,0
FN:155,AccessControl.renounceRole
FNDA:0,AccessControl.renounceRole
DA:156,0
BRDA:156,1,0,-
DA:157,0
DA:160,0
DA:168,0
FN:168,AccessControl._setRoleAdmin
FNDA:0,AccessControl._setRoleAdmin
DA:169,0
DA:170,0
DA:171,0
DA:181,4212
FN:181,AccessControl._grantRole
FNDA:4212,AccessControl._grantRole
DA:182,4212
BRDA:182,2,0,4212
BRDA:182,2,1,0
DA:183,4212
DA:184,4212
DA:185,4212
DA:187,0
DA:198,0
FN:198,AccessControl._revokeRole
FNDA:0,AccessControl._revokeRole
DA:199,0
BRDA:199,3,0,-
BRDA:199,3,1,-
DA:200,0
DA:201,0
DA:202,0
DA:204,0
FNF:12
FNH:5
LF:37
LH:14
BRF:6
BRH:2
end_of_record
TN:
SF:lib/openzeppelin-contracts/contracts/governance/Governor.sol
DA:68,0
FN:68,Governor.onlyGovernance
FNDA:0,Governor.onlyGovernance
DA:69,0
DA:76,1057
FN:76,Governor.constructor
FNDA:1057,Governor.constructor
DA:77,1057
DA:83,0
FN:83,Governor.receive
FNDA:0,Governor.receive
DA:84,0
BRDA:84,0,0,-
DA:85,0
DA:90,0
FN:90,Governor.supportsInterface
FNDA:0,Governor.supportsInterface
DA:91,0
DA:92,0
DA:93,0
DA:94,0
DA:95,0
DA:99,0
FN:99,Governor.name
FNDA:0,Governor.name
DA:100,0
DA:104,1057
FN:104,Governor.version
FNDA:1057,Governor.version
DA:105,1057
DA:121,6398
FN:121,Governor.hashProposal
FNDA:6398,Governor.hashProposal
DA:127,6398
DA:131,6398
FN:131,Governor.getProposalId
FNDA:6398,Governor.getProposalId
DA:137,6398
DA:141,33805
FN:141,Governor.state
FNDA:33805,Governor.state
DA:143,33805
DA:144,33805
DA:145,33805
DA:147,408
BRDA:147,1,0,408
DA:148,408
DA:151,1
BRDA:151,2,0,1
DA:152,1
DA:155,33396
DA:157,33396
BRDA:157,3,0,0
DA:158,0
DA:161,33396
DA:163,33396
BRDA:163,4,0,4403
DA:164,4403
DA:167,28993
DA:169,28993
BRDA:169,5,0,10632
BRDA:169,5,1,711
DA:170,10632
DA:171,18361
BRDA:171,6,0,16985
BRDA:171,6,1,711
DA:172,16985
DA:173,1376
BRDA:173,7,0,665
BRDA:173,7,1,711
DA:174,665
DA:176,711
DA:181,0
FN:181,Governor.proposalThreshold
FNDA:0,Governor.proposalThreshold
DA:182,0
DA:186,63699
FN:186,Governor.proposalSnapshot
FNDA:63699,Governor.proposalSnapshot
DA:187,63699
DA:191,30032
FN:191,Governor.proposalDeadline
FNDA:30032,Governor.proposalDeadline
DA:192,30032
DA:196,480
FN:196,Governor.proposalProposer
FNDA:480,Governor.proposalProposer
DA:197,480
DA:201,1527
FN:201,Governor.proposalEta
FNDA:1527,Governor.proposalEta
DA:202,1527
DA:206,0
FN:206,Governor.proposalNeedsQueuing
FNDA:0,Governor.proposalNeedsQueuing
DA:207,0
DA:215,0
FN:215,Governor._checkGovernance
FNDA:0,Governor._checkGovernance
DA:216,0
BRDA:216,8,0,-
DA:217,0
DA:219,0
BRDA:219,9,0,-
DA:220,0
DA:222,0
DA:259,0
FN:259,Governor._tallyUpdated
FNDA:0,Governor._tallyUpdated
DA:267,13304
FN:267,Governor._defaultParams
FNDA:13304,Governor._defaultParams
DA:268,13304
DA:274,6550
FN:274,Governor.propose
FNDA:6550,Governor.propose
DA:280,6550
DA:283,6550
BRDA:283,10,0,0
DA:284,0
DA:288,6550
DA:289,6550
BRDA:289,11,0,6550
DA:290,6550
DA:291,6550
BRDA:291,12,0,523
DA:292,523
DA:296,6027
DA:304,6027
FN:304,Governor._propose
FNDA:6027,Governor._propose
DA:311,6027
DA:313,6027
BRDA:313,13,0,0
DA:314,0
DA:316,6027
BRDA:316,14,0,0
DA:317,0
DA:320,6027
DA:321,6027
DA:323,6027
DA:324,6027
DA:325,6027
DA:326,6027
DA:328,6027
DA:344,151
FN:344,Governor.queue
FNDA:151,Governor.queue
DA:350,151
DA:352,151
DA:354,151
DA:356,151
BRDA:356,15,0,151
BRDA:356,15,1,0
DA:357,151
DA:358,151
DA:360,0
DA:363,0
DA:379,0
FN:379,Governor._queueOperations
FNDA:0,Governor._queueOperations
DA:386,0
DA:390,217
FN:390,Governor.execute
FNDA:217,Governor.execute
DA:396,217
DA:398,217
DA:404,217
DA:407,217
BRDA:407,16,0,217
DA:408,217
DA:409,220
BRDA:409,17,0,0
DA:410,0
DA:415,217
DA:418,115
BRDA:418,18,0,0
DA:419,0
DA:422,115
DA:424,0
DA:434,0
FN:434,Governor._executeOperations
FNDA:0,Governor._executeOperations
DA:441,0
DA:442,0
DA:443,0
DA:448,2
FN:448,Governor.cancel
FNDA:2,Governor.cancel
DA:457,2
DA:459,2
DA:460,2
BRDA:460,19,0,1
DA:462,1
DA:471,1
FN:471,Governor._cancel
FNDA:1,Governor._cancel
DA:477,1
DA:479,1
DA:487,1
DA:488,1
DA:490,0
DA:494,6550
FN:494,Governor.getVotes
FNDA:6550,Governor.getVotes
DA:495,6550
DA:499,0
FN:499,Governor.getVotesWithParams
FNDA:0,Governor.getVotesWithParams
DA:504,0
DA:508,6754
FN:508,Governor.castVote
FNDA:6754,Governor.castVote
DA:509,6754
DA:510,6754
DA:514,0
FN:514,Governor.castVoteWithReason
FNDA:0,Governor.castVoteWithReason
DA:519,0
DA:520,0
DA:524,0
FN:524,Governor.castVoteWithReasonAndParams
FNDA:0,Governor.castVoteWithReasonAndParams
DA:530,0
DA:531,0
DA:535,0
FN:535,Governor.castVoteBySig
FNDA:0,Governor.castVoteBySig
DA:541,0
BRDA:541,20,0,-
DA:542,0
DA:544,0
DA:548,0
FN:548,Governor.castVoteWithReasonAndParamsBySig
FNDA:0,Governor.castVoteWithReasonAndParamsBySig
DA:556,0
BRDA:556,21,0,-
DA:557,0
DA:559,0
DA:563,0
FN:563,Governor._validateVoteSig
FNDA:0,Governor._validateVoteSig
DA:569,0
DA:570,0
DA:578,0
FN:578,Governor._validateExtendedVoteSig
FNDA:0,Governor._validateExtendedVoteSig
DA:586,0
DA:587,0
DA:612,6754
FN:612,Governor._castVote.0
FNDA:6754,Governor._castVote.0
DA:618,6754
DA:627,6754
FN:627,Governor._castVote.1
FNDA:6754,Governor._castVote.1
DA:634,6754
DA:636,6754
DA:637,6754
DA:639,6752
BRDA:639,22,0,6752
BRDA:639,22,1,0
DA:640,6752
DA:642,0
DA:645,0
DA:647,0
DA:656,0
FN:656,Governor.relay
FNDA:0,Governor.relay
DA:657,0
DA:658,0
DA:665,0
FN:665,Governor._executor
FNDA:0,Governor._executor
DA:666,0
DA:673,0
FN:673,Governor.onERC721Received
FNDA:0,Governor.onERC721Received
DA:674,0
BRDA:674,23,0,-
DA:675,0
DA:677,0
DA:684,0
FN:684,Governor.onERC1155Received
FNDA:0,Governor.onERC1155Received
DA:685,0
BRDA:685,24,0,-
DA:686,0
DA:688,0
DA:695,0
FN:695,Governor.onERC1155BatchReceived
FNDA:0,Governor.onERC1155BatchReceived
DA:702,0
BRDA:702,25,0,-
DA:703,0
DA:705,0
DA:720,14465
FN:720,Governor._encodeStateBitmap
FNDA:14465,Governor._encodeStateBitmap
DA:721,14465
DA:730,7123
FN:730,Governor._validateStateBitmap
FNDA:7123,Governor._validateStateBitmap
DA:731,7123
DA:732,7123
BRDA:732,26,0,0
DA:733,0
DA:735,7123
DA:756,6550
FN:756,Governor._isValidDescriptionForProposer
FNDA:6550,Governor._isValidDescriptionForProposer
DA:761,6550
DA:764,6550
BRDA:764,27,0,6550
DA:765,6550
DA:769,0
DA:772,0
BRDA:772,28,0,-
DA:773,0
DA:777,0
DA:778,0
DA:787,2
FN:787,Governor._validateCancel
FNDA:2,Governor._validateCancel
DA:788,2
DA:813,0
FN:813,Governor._unsafeReadBytesOffset
FNDA:0,Governor._unsafeReadBytesOffset
DA:816,0
FNF:47
FNH:24
LF:201
LH:111
BRF:34
BRH:16
end_of_record
TN:
SF:lib/openzeppelin-contracts/contracts/governance/TimelockController.sol
DA:115,1058
FN:115,TimelockController.constructor
FNDA:1058,TimelockController.constructor
DA:117,1058
DA:120,1058
BRDA:120,0,0,0
DA:121,0
DA:125,1058
DA:126,0
DA:127,0
DA:131,1058
DA:132,1058
DA:135,1058
DA:136,1058
DA:145,0
FN:145,TimelockController.onlyRoleOrOpenRole
FNDA:0,TimelockController.onlyRoleOrOpenRole
DA:146,0
BRDA:146,1,0,-
DA:147,0
DA:158,0
FN:158,TimelockController.supportsInterface
FNDA:0,TimelockController.supportsInterface
DA:161,0
DA:168,151
FN:168,TimelockController.isOperation
FNDA:151,TimelockController.isOperation
DA:169,151
DA:175,711
FN:175,TimelockController.isOperationPending
FNDA:711,TimelockController.isOperationPending
DA:176,711
DA:177,711
DA:183,332
FN:183,TimelockController.isOperationReady
FNDA:332,TimelockController.isOperationReady
DA:184,332
DA:190,0
FN:190,TimelockController.isOperationDone
FNDA:0,TimelockController.isOperationDone
DA:191,0
DA:198,1194
FN:198,TimelockController.getTimestamp
FNDA:1194,TimelockController.getTimestamp
DA:199,1194
DA:205,1194
FN:205,TimelockController.getOperationState
FNDA:1194,TimelockController.getOperationState
DA:206,1194
DA:207,1194
BRDA:207,2,0,151
BRDA:207,2,1,602
DA:208,151
DA:209,1043
BRDA:209,3,0,0
BRDA:209,3,1,602
DA:210,0
DA:211,1043
BRDA:211,4,0,441
BRDA:211,4,1,602
DA:212,441
DA:214,602
DA:223,303
FN:223,TimelockController.getMinDelay
FNDA:303,TimelockController.getMinDelay
DA:224,303
DA:231,0
FN:231,TimelockController.hashOperation
FNDA:0,TimelockController.hashOperation
DA:238,0
DA:245,519
FN:245,TimelockController.hashOperationBatch
FNDA:519,TimelockController.hashOperationBatch
DA:252,519
DA:264,8167
FN:264,TimelockController.schedule
FNDA:8167,TimelockController.schedule
DA:272,0
DA:273,0
DA:274,0
DA:275,0
BRDA:275,5,0,-
DA:276,0
DA:289,151
FN:289,TimelockController.scheduleBatch
FNDA:151,TimelockController.scheduleBatch
DA:297,151
BRDA:297,6,0,0
DA:298,0
DA:301,151
DA:302,151
DA:303,151
DA:304,153
DA:306,151
BRDA:306,7,0,151
DA:307,151
DA:314,151
FN:314,TimelockController._schedule
FNDA:151,TimelockController._schedule
DA:315,151
BRDA:315,8,0,0
DA:316,0
DA:318,151
DA:319,151
BRDA:319,9,0,0
DA:320,0
DA:322,151
DA:332,0
FN:332,TimelockController.cancel
FNDA:0,TimelockController.cancel
DA:333,0
BRDA:333,10,0,-
DA:334,0
DA:341,0
DA:356,0
FN:356,TimelockController.execute
FNDA:0,TimelockController.execute
DA:363,0
DA:365,0
DA:366,0
DA:367,0
DA:368,0
DA:383,217
FN:383,TimelockController.executeBatch
FNDA:217,TimelockController.executeBatch
DA:390,217
BRDA:390,11,0,0
DA:391,0
DA:394,217
DA:396,217
DA:397,116
DA:398,119
DA:399,119
DA:400,119
DA:401,119
DA:402,119
DA:404,115
DA:410,119
FN:410,TimelockController._execute
FNDA:119,TimelockController._execute
DA:411,119
DA:412,119
DA:418,217
FN:418,TimelockController._beforeCall
FNDA:217,TimelockController._beforeCall
DA:419,217
BRDA:419,12,0,101
DA:420,101
DA:422,116
BRDA:422,13,0,0
DA:423,0
DA:430,115
FN:430,TimelockController._afterCall
FNDA:115,TimelockController._afterCall
DA:431,115
BRDA:431,14,0,0
DA:432,0
DA:434,115
DA:447,0
FN:447,TimelockController.updateDelay
FNDA:0,TimelockController.updateDelay
DA:448,0
DA:449,0
BRDA:449,15,0,-
DA:450,0
DA:452,0
DA:453,0
DA:467,101
FN:467,TimelockController._encodeStateBitmap
FNDA:101,TimelockController._encodeStateBitmap
DA:468,101
FNF:23
FNH:16
LF:106
LH:66
BRF:19
BRH:7
end_of_record
TN:
SF:lib/openzeppelin-contracts/contracts/governance/extensions/GovernorCountingSimple.sol
DA:32,1
FN:32,GovernorCountingSimple.COUNTING_MODE
FNDA:1,GovernorCountingSimple.COUNTING_MODE
DA:33,1
DA:37,913
FN:37,GovernorCountingSimple.hasVoted
FNDA:913,GovernorCountingSimple.hasVoted
DA:38,913
DA:44,1
FN:44,GovernorCountingSimple.proposalVotes
FNDA:1,GovernorCountingSimple.proposalVotes
DA:47,1
DA:48,1
DA:52,18361
FN:52,GovernorCountingSimple._quorumReached
FNDA:18361,GovernorCountingSimple._quorumReached
DA:53,18361
DA:55,18361
DA:61,2979
FN:61,GovernorCountingSimple._voteSucceeded
FNDA:2979,GovernorCountingSimple._voteSucceeded
DA:62,2979
DA:64,2979
DA:70,6754
FN:70,GovernorCountingSimple._countVote
FNDA:6754,GovernorCountingSimple._countVote
DA:77,6754
DA:79,1
BRDA:79,0,0,1
DA:80,1
DA:82,6753
DA:84,6753
BRDA:84,1,0,365
BRDA:84,1,1,1
DA:85,365
DA:86,6388
BRDA:86,2,0,6226
BRDA:86,2,1,1
DA:87,6226
DA:88,162
BRDA:88,3,0,161
BRDA:88,3,1,1
DA:89,161
DA:91,1
DA:94,0
FNF:6
FNH:6
LF:26
LH:25
BRF:7
BRH:7
end_of_record
TN:
SF:lib/openzeppelin-contracts/contracts/governance/extensions/GovernorTimelockControl.sol
DA:36,1057
FN:36,GovernorTimelockControl.constructor
FNDA:1057,GovernorTimelockControl.constructor
DA:37,1057
DA:43,33805
FN:43,GovernorTimelockControl.state
FNDA:33805,GovernorTimelockControl.state
DA:44,33805
DA:46,33805
BRDA:46,0,0,33094
DA:47,33094
DA:50,711
DA:51,711
BRDA:51,1,0,711
BRDA:51,1,1,0
DA:52,711
DA:53,0
BRDA:53,2,0,-
BRDA:53,2,1,-
DA:55,0
DA:58,0
DA:65,1
FN:65,GovernorTimelockControl.timelock
FNDA:1,GovernorTimelockControl.timelock
DA:66,1
DA:70,0
FN:70,GovernorTimelockControl.proposalNeedsQueuing
FNDA:0,GovernorTimelockControl.proposalNeedsQueuing
DA:71,0
DA:77,151
FN:77,GovernorTimelockControl._queueOperations
FNDA:151,GovernorTimelockControl._queueOperations
DA:84,151
DA:86,151
DA:87,151
DA:88,151
DA:90,151
DA:97,217
FN:97,GovernorTimelockControl._executeOperations
FNDA:217,GovernorTimelockControl._executeOperations
DA:105,217
DA:117,1
FN:117,GovernorTimelockControl._cancel
FNDA:1,GovernorTimelockControl._cancel
DA:123,1
DA:125,1
DA:126,1
BRDA:126,3,0,0
DA:128,0
DA:133,1
DA:139,332
FN:139,GovernorTimelockControl._executor
FNDA:332,GovernorTimelockControl._executor
DA:140,332
DA:149,0
FN:149,GovernorTimelockControl.updateTimelock
FNDA:0,GovernorTimelockControl.updateTimelock
DA:150,0
DA:153,1057
FN:153,GovernorTimelockControl._updateTimelock
FNDA:1057,GovernorTimelockControl._updateTimelock
DA:154,1057
DA:155,1057
DA:164,368
FN:164,GovernorTimelockControl._timelockSalt
FNDA:368,GovernorTimelockControl._timelockSalt
DA:165,368
FNF:11
FNH:9
LF:39
LH:31
BRF:6
BRH:2
end_of_record
TN:
SF:lib/openzeppelin-contracts/contracts/governance/extensions/GovernorVotes.sol
DA:18,1057
FN:18,GovernorVotes.constructor
FNDA:1057,GovernorVotes.constructor
DA:19,1057
DA:25,78644
FN:25,GovernorVotes.token
FNDA:78644,GovernorVotes.token
DA:26,78644
DA:33,45973
FN:33,GovernorVotes.clock
FNDA:45973,GovernorVotes.clock
DA:34,45973
BRDA:34,0,0,45973
DA:35,45973
DA:36,0
BRDA:36,0,1,-
DA:37,0
DA:45,1
FN:45,GovernorVotes.CLOCK_MODE
FNDA:1,GovernorVotes.CLOCK_MODE
DA:46,1
BRDA:46,1,0,1
DA:47,1
DA:48,0
BRDA:48,1,1,-
DA:49,0
DA:56,13304
FN:56,GovernorVotes._getVotes
FNDA:13304,GovernorVotes._getVotes
DA:61,13304
FNF:5
FNH:5
LF:16
LH:12
BRF:4
BRH:2
end_of_record
TN:
SF:lib/openzeppelin-contracts/contracts/proxy/Clones.sol
DA:32,4031
FN:32,Clones.clone.0
FNDA:4031,Clones.clone.0
DA:33,4031
DA:47,4031
FN:47,Clones.clone.1
FNDA:4031,Clones.clone.1
DA:48,4031
BRDA:48,0,0,0
DA:49,0
DA:54,0
DA:56,0
DA:57,0
DA:59,4031
BRDA:59,1,0,0
DA:60,0
DA:75,24
FN:75,Clones.cloneDeterministic.0
FNDA:24,Clones.cloneDeterministic.0
DA:76,24
DA:90,24
FN:90,Clones.cloneDeterministic.1
FNDA:24,Clones.cloneDeterministic.1
DA:95,24
BRDA:95,2,0,0
DA:96,0
DA:101,0
DA:103,0
DA:104,0
DA:106,24
BRDA:106,3,0,0
DA:107,0
DA:114,25
FN:114,Clones.predictDeterministicAddress.0
FNDA:25,Clones.predictDeterministicAddress.0
DA:120,0
DA:121,0
DA:122,0
DA:123,0
DA:124,0
DA:125,0
DA:126,0
DA:127,0
DA:134,9
FN:134,Clones.predictDeterministicAddress.1
FNDA:9,Clones.predictDeterministicAddress.1
DA:138,9
DA:152,0
FN:152,Clones.cloneWithImmutableArgs.0
FNDA:0,Clones.cloneWithImmutableArgs.0
DA:153,0
DA:167,0
FN:167,Clones.cloneWithImmutableArgs.1
FNDA:0,Clones.cloneWithImmutableArgs.1
DA:172,0
BRDA:172,4,0,-
DA:173,0
DA:175,0
DA:177,0
DA:179,0
BRDA:179,5,0,-
DA:180,0
DA:197,0
FN:197,Clones.cloneDeterministicWithImmutableArgs.0
FNDA:0,Clones.cloneDeterministicWithImmutableArgs.0
DA:202,0
DA:216,0
FN:216,Clones.cloneDeterministicWithImmutableArgs.1
FNDA:0,Clones.cloneDeterministicWithImmutableArgs.1
DA:222,0
DA:223,0
DA:229,0
FN:229,Clones.predictDeterministicAddressWithImmutableArgs.0
FNDA:0,Clones.predictDeterministicAddressWithImmutableArgs.0
DA:235,0
DA:236,0
DA:242,0
FN:242,Clones.predictDeterministicAddressWithImmutableArgs.1
FNDA:0,Clones.predictDeterministicAddressWithImmutableArgs.1
DA:247,0
DA:261,0
FN:261,Clones.fetchCloneArgs
FNDA:0,Clones.fetchCloneArgs
DA:262,0
DA:264,0
DA:266,0
DA:279,0
FN:279,Clones._cloneCodeWithImmutableArgs
FNDA:0,Clones._cloneCodeWithImmutableArgs
DA:283,0
BRDA:283,6,0,-
DA:284,0
DA:285,0
FNF:14
FNH:6
LF:58
LH:13
BRF:7
BRH:0
end_of_record
TN:
SF:lib/openzeppelin-contracts/contracts/token/ERC1155/utils/ERC1155Holder.sol
DA:19,0
FN:19,ERC1155Holder.supportsInterface
FNDA:0,ERC1155Holder.supportsInterface
DA:20,0
DA:23,0
FN:23,ERC1155Holder.onERC1155Received
FNDA:0,ERC1155Holder.onERC1155Received
DA:30,0
DA:33,0
FN:33,ERC1155Holder.onERC1155BatchReceived
FNDA:0,ERC1155Holder.onERC1155BatchReceived
DA:40,0
FNF:3
FNH:0
LF:6
LH:0
BRF:0
BRH:0
end_of_record
TN:
SF:lib/openzeppelin-contracts/contracts/token/ERC20/ERC20.sol
DA:44,710
FN:44,ERC20.constructor
FNDA:710,ERC20.constructor
DA:45,710
DA:46,710
DA:52,1
FN:52,ERC20.name
FNDA:1,ERC20.name
DA:53,1
DA:60,1
FN:60,ERC20.symbol
FNDA:1,ERC20.symbol
DA:61,1
DA:77,10
FN:77,ERC20.decimals
FNDA:10,ERC20.decimals
DA:78,10
DA:82,12031
FN:82,ERC20.totalSupply
FNDA:12031,ERC20.totalSupply
DA:83,12031
DA:87,2180111
FN:87,ERC20.balanceOf
FNDA:2180111,ERC20.balanceOf
DA:88,2180111
DA:99,309782
FN:99,ERC20.transfer
FNDA:309782,ERC20.transfer
DA:100,309782
DA:101,309782
DA:102,309780
DA:106,318786
FN:106,ERC20.allowance
FNDA:318786,ERC20.allowance
DA:107,318786
DA:120,429369
FN:120,ERC20.approve
FNDA:429369,ERC20.approve
DA:121,429369
DA:122,429369
DA:123,429369
DA:142,318773
FN:142,ERC20.transferFrom
FNDA:318773,ERC20.transferFrom
DA:143,318773
DA:144,318773
DA:145,318773
DA:146,318773
DA:159,628555
FN:159,ERC20._transfer
FNDA:628555,ERC20._transfer
DA:160,628555
BRDA:160,0,0,0
DA:161,0
DA:163,628555
BRDA:163,1,0,0
DA:164,0
DA:166,628555
DA:176,915714
FN:176,ERC20._update
FNDA:915714,ERC20._update
DA:177,915714
BRDA:177,2,0,267893
BRDA:177,2,1,0
DA:179,267893
DA:181,647821
DA:182,647821
BRDA:182,3,0,0
DA:183,0
DA:187,647821
DA:191,267893
BRDA:191,4,0,19264
BRDA:191,4,1,896450
DA:194,19264
DA:199,896450
DA:203,267893
DA:214,267893
FN:214,ERC20._mint
FNDA:267893,ERC20._mint
DA:215,267893
BRDA:215,5,0,0
DA:216,0
DA:218,267893
DA:229,19264
FN:229,ERC20._burn
FNDA:19264,ERC20._burn
DA:230,19264
BRDA:230,6,0,0
DA:231,0
DA:233,19264
DA:251,429370
FN:251,ERC20._approve.0
FNDA:429370,ERC20._approve.0
DA:252,429370
DA:273,724231
FN:273,ERC20._approve.1
FNDA:724231,ERC20._approve.1
DA:274,724231
BRDA:274,7,0,0
DA:275,0
DA:277,724231
BRDA:277,8,0,0
DA:278,0
DA:280,724231
DA:281,429370
BRDA:281,9,0,429370
DA:282,429370
DA:294,318774
FN:294,ERC20._spendAllowance
FNDA:318774,ERC20._spendAllowance
DA:295,318774
DA:296,318774
BRDA:296,10,0,294861
DA:297,294861
BRDA:297,11,0,0
DA:298,0
DA:301,294861
FNF:17
FNH:17
LF:69
LH:61
BRF:14
BRH:5
end_of_record
TN:
SF:lib/openzeppelin-contracts/contracts/token/ERC20/extensions/ERC20Burnable.sol
DA:20,17286
FN:20,ERC20Burnable.burn
FNDA:17286,ERC20Burnable.burn
DA:21,17286
DA:35,1
FN:35,ERC20Burnable.burnFrom
FNDA:1,ERC20Burnable.burnFrom
DA:36,1
DA:37,1
FNF:2
FNH:2
LF:5
LH:5
BRF:0
BRH:0
end_of_record
TN:
SF:lib/openzeppelin-contracts/contracts/token/ERC20/extensions/ERC20Permit.sol
DA:42,1
FN:42,ERC20Permit.permit
FNDA:1,ERC20Permit.permit
DA:51,1
BRDA:51,0,0,0
DA:52,0
DA:55,1
DA:57,1
DA:59,1
DA:60,1
BRDA:60,1,0,0
DA:61,0
DA:64,1
DA:68,1
FN:68,ERC20Permit.nonces
FNDA:1,ERC20Permit.nonces
DA:69,1
DA:74,1
FN:74,ERC20Permit.DOMAIN_SEPARATOR
FNDA:1,ERC20Permit.DOMAIN_SEPARATOR
DA:75,1
FNF:3
FNH:3
LF:13
LH:11
BRF:2
BRH:0
end_of_record
TN:
SF:lib/openzeppelin-contracts/contracts/token/ERC20/extensions/ERC4626.sol
DA:99,10
FN:99,ERC4626.constructor
FNDA:10,ERC4626.constructor
DA:100,10
DA:101,10
DA:102,10
DA:108,10
FN:108,ERC4626._tryGetAssetDecimals
FNDA:10,ERC4626._tryGetAssetDecimals
DA:109,10
DA:110,10
DA:114,10
DA:116,10
DA:117,10
DA:129,0
FN:129,ERC4626.decimals
FNDA:0,ERC4626.decimals
DA:130,0
DA:134,11934
FN:134,ERC4626.asset
FNDA:11934,ERC4626.asset
DA:135,11934
DA:139,9945
FN:139,ERC4626.totalAssets
FNDA:9945,ERC4626.totalAssets
DA:140,9945
DA:144,0
FN:144,ERC4626.convertToShares
FNDA:0,ERC4626.convertToShares
DA:145,0
DA:149,0
FN:149,ERC4626.convertToAssets
FNDA:0,ERC4626.convertToAssets
DA:150,0
DA:154,1004
FN:154,ERC4626.maxDeposit
FNDA:1004,ERC4626.maxDeposit
DA:155,1004
DA:159,0
FN:159,ERC4626.maxMint
FNDA:0,ERC4626.maxMint
DA:160,0
DA:164,0
FN:164,ERC4626.maxWithdraw
FNDA:0,ERC4626.maxWithdraw
DA:165,0
DA:169,972
FN:169,ERC4626.maxRedeem
FNDA:972,ERC4626.maxRedeem
DA:170,972
DA:174,1004
FN:174,ERC4626.previewDeposit
FNDA:1004,ERC4626.previewDeposit
DA:175,1004
DA:179,0
FN:179,ERC4626.previewMint
FNDA:0,ERC4626.previewMint
DA:180,0
DA:184,971
FN:184,ERC4626.previewWithdraw
FNDA:971,ERC4626.previewWithdraw
DA:185,971
DA:189,7970
FN:189,ERC4626.previewRedeem
FNDA:7970,ERC4626.previewRedeem
DA:190,7970
DA:194,1004
FN:194,ERC4626.deposit
FNDA:1004,ERC4626.deposit
DA:195,1004
DA:196,1004
BRDA:196,0,0,0
DA:197,0
DA:200,1004
DA:201,1004
DA:203,0
DA:207,0
FN:207,ERC4626.mint
FNDA:0,ERC4626.mint
DA:208,0
DA:209,0
BRDA:209,1,0,-
DA:210,0
DA:213,0
DA:214,0
DA:216,0
DA:220,0
FN:220,ERC4626.withdraw
FNDA:0,ERC4626.withdraw
DA:221,0
DA:222,0
BRDA:222,2,0,-
DA:223,0
DA:226,0
DA:227,0
DA:229,0
DA:233,972
FN:233,ERC4626.redeem
FNDA:972,ERC4626.redeem
DA:234,972
DA:235,972
BRDA:235,3,0,0
DA:236,0
DA:239,972
DA:240,972
DA:242,0
DA:248,1975
FN:248,ERC4626._convertToShares
FNDA:1975,ERC4626._convertToShares
DA:249,1975
DA:255,7970
FN:255,ERC4626._convertToAssets
FNDA:7970,ERC4626._convertToAssets
DA:256,7970
DA:262,1004
FN:262,ERC4626._deposit
FNDA:1004,ERC4626._deposit
DA:270,1004
DA:271,1004
DA:273,1004
DA:279,972
FN:279,ERC4626._withdraw
FNDA:972,ERC4626._withdraw
DA:286,972
BRDA:286,4,0,0
DA:287,0
DA:296,972
DA:297,972
DA:299,972
DA:303,1004
FN:303,ERC4626._transferIn
FNDA:1004,ERC4626._transferIn
DA:304,1004
DA:308,972
FN:308,ERC4626._transferOut
FNDA:972,ERC4626._transferOut
DA:309,972
DA:312,9945
FN:312,ERC4626._decimalsOffset
FNDA:9945,ERC4626._decimalsOffset
DA:313,9945
FNF:26
FNH:18
LF:84
LH:53
BRF:5
BRH:0
end_of_record
TN:
SF:lib/openzeppelin-contracts/contracts/token/ERC20/utils/SafeERC20.sol
DA:33,181674
FN:33,SafeERC20.safeTransfer
FNDA:181674,SafeERC20.safeTransfer
DA:34,181674
BRDA:34,0,0,0
DA:35,0
DA:43,278406
FN:43,SafeERC20.safeTransferFrom
FNDA:278406,SafeERC20.safeTransferFrom
DA:44,278406
BRDA:44,1,0,0
DA:45,0
DA:52,0
FN:52,SafeERC20.trySafeTransfer
FNDA:0,SafeERC20.trySafeTransfer
DA:53,0
DA:59,0
FN:59,SafeERC20.trySafeTransferFrom
FNDA:0,SafeERC20.trySafeTransferFrom
DA:60,0
DA:72,0
FN:72,SafeERC20.safeIncreaseAllowance
FNDA:0,SafeERC20.safeIncreaseAllowance
DA:73,0
DA:74,0
DA:86,0
FN:86,SafeERC20.safeDecreaseAllowance
FNDA:0,SafeERC20.safeDecreaseAllowance
DA:88,0
DA:89,0
BRDA:89,2,0,-
DA:90,0
DA:92,0
DA:105,219246
FN:105,SafeERC20.forceApprove
FNDA:219246,SafeERC20.forceApprove
DA:106,219246
BRDA:106,3,0,0
DA:107,0
BRDA:107,4,0,-
DA:108,0
BRDA:108,5,0,-
DA:119,0
FN:119,SafeERC20.transferAndCallRelaxed
FNDA:0,SafeERC20.transferAndCallRelaxed
DA:120,0
BRDA:120,6,0,-
BRDA:120,6,1,-
DA:121,0
DA:122,0
BRDA:122,7,0,-
DA:123,0
DA:134,0
FN:134,SafeERC20.transferFromAndCallRelaxed
FNDA:0,SafeERC20.transferFromAndCallRelaxed
DA:141,0
BRDA:141,8,0,-
BRDA:141,8,1,-
DA:142,0
DA:143,0
BRDA:143,9,0,-
DA:144,0
DA:159,0
FN:159,SafeERC20.approveAndCallRelaxed
FNDA:0,SafeERC20.approveAndCallRelaxed
DA:160,0
BRDA:160,10,0,-
BRDA:160,10,1,-
DA:161,0
DA:162,0
BRDA:162,11,0,-
DA:163,0
DA:176,181674
FN:176,SafeERC20._safeTransfer
FNDA:181674,SafeERC20._safeTransfer
DA:177,181674
DA:180,0
DA:181,0
DA:182,0
DA:183,0
DA:184,0
DA:187,0
BRDA:187,12,0,-
DA:189,0
BRDA:189,13,0,-
DA:190,0
DA:191,0
DA:196,0
DA:198,0
DA:212,278406
FN:212,SafeERC20._safeTransferFrom
FNDA:278406,SafeERC20._safeTransferFrom
DA:219,278406
DA:222,0
DA:223,0
DA:224,0
DA:225,0
DA:226,0
DA:227,0
DA:230,0
BRDA:230,14,0,-
DA:232,0
BRDA:232,15,0,-
DA:233,0
DA:234,0
DA:239,0
DA:241,0
DA:242,0
DA:255,219246
FN:255,SafeERC20._safeApprove
FNDA:219246,SafeERC20._safeApprove
DA:256,219246
DA:259,0
DA:260,0
DA:261,0
DA:262,0
DA:263,0
DA:266,0
BRDA:266,16,0,-
DA:268,0
BRDA:268,17,0,-
DA:269,0
DA:270,0
DA:275,0
DA:277,0
FNF:13
FNH:6
LF:78
LH:12
BRF:21
BRH:0
end_of_record
TN:
SF:lib/openzeppelin-contracts/contracts/token/ERC721/ERC721.sol
DA:39,136
FN:39,ERC721.constructor
FNDA:136,ERC721.constructor
DA:40,136
DA:41,136
DA:45,0
FN:45,ERC721.supportsInterface
FNDA:0,ERC721.supportsInterface
DA:46,0
DA:47,0
DA:48,0
DA:49,0
DA:53,1001
FN:53,ERC721.balanceOf
FNDA:1001,ERC721.balanceOf
DA:54,1001
BRDA:54,0,0,0
DA:55,0
DA:57,1001
DA:61,62038
FN:61,ERC721.ownerOf
FNDA:62038,ERC721.ownerOf
DA:62,62038
DA:66,0
FN:66,ERC721.name
FNDA:0,ERC721.name
DA:67,0
DA:71,0
FN:71,ERC721.symbol
FNDA:0,ERC721.symbol
DA:72,0
DA:76,0
FN:76,ERC721.tokenURI
FNDA:0,ERC721.tokenURI
DA:77,0
DA:79,0
DA:80,0
DA:88,0
FN:88,ERC721._baseURI
FNDA:0,ERC721._baseURI
DA:89,0
DA:93,4802
FN:93,ERC721.approve
FNDA:4802,ERC721.approve
DA:94,4802
DA:98,4801
FN:98,ERC721.getApproved
FNDA:4801,ERC721.getApproved
DA:99,4801
DA:101,4801
DA:105,0
FN:105,ERC721.setApprovalForAll
FNDA:0,ERC721.setApprovalForAll
DA:106,0
DA:110,1
FN:110,ERC721.isApprovedForAll
FNDA:1,ERC721.isApprovedForAll
DA:111,1
DA:115,9594
FN:115,ERC721.transferFrom
FNDA:9594,ERC721.transferFrom
DA:116,9594
BRDA:116,1,0,0
DA:117,0
DA:121,9594
DA:122,9591
BRDA:122,2,0,0
DA:123,0
DA:128,6587
FN:128,ERC721.safeTransferFrom.0
FNDA:6587,ERC721.safeTransferFrom.0
DA:129,6587
DA:133,6587
FN:133,ERC721.safeTransferFrom.1
FNDA:6587,ERC721.safeTransferFrom.1
DA:134,6587
DA:135,6587
DA:146,132773
FN:146,ERC721._ownerOf
FNDA:132773,ERC721._ownerOf
DA:147,132773
DA:153,4802
FN:153,ERC721._getApproved
FNDA:4802,ERC721._getApproved
DA:154,4802
DA:164,15290
FN:164,ERC721._isAuthorized
FNDA:15290,ERC721._isAuthorized
DA:165,15290
DA:166,15290
DA:179,9591
FN:179,ERC721._checkAuthorized
FNDA:9591,ERC721._checkAuthorized
DA:180,9591
BRDA:180,3,0,0
DA:181,0
BRDA:181,4,0,-
BRDA:181,4,1,-
DA:182,0
DA:184,0
DA:199,0
FN:199,ERC721._increaseBalance
FNDA:0,ERC721._increaseBalance
DA:201,0
DA:216,50897
FN:216,ERC721._update
FNDA:50897,ERC721._update
DA:217,50897
DA:220,50897
BRDA:220,5,0,9591
DA:221,9591
DA:225,50897
BRDA:225,6,0,20093
DA:227,20093
DA:230,20093
DA:234,50897
BRDA:234,7,0,40395
DA:236,40395
DA:240,50897
DA:242,50897
DA:244,0
DA:259,30804
FN:259,ERC721._mint
FNDA:30804,ERC721._mint
DA:260,30804
BRDA:260,8,0,0
DA:261,0
DA:263,30804
DA:264,30804
BRDA:264,9,0,0
DA:265,0
DA:279,30804
FN:279,ERC721._safeMint.0
FNDA:30804,ERC721._safeMint.0
DA:280,30804
DA:287,30804
FN:287,ERC721._safeMint.1
FNDA:30804,ERC721._safeMint.1
DA:288,30804
DA:289,30804
DA:303,10502
FN:303,ERC721._burn
FNDA:10502,ERC721._burn
DA:304,10502
DA:305,10502
BRDA:305,10,0,0
DA:306,0
DA:321,0
FN:321,ERC721._transfer
FNDA:0,ERC721._transfer
DA:322,0
BRDA:322,11,0,-
DA:323,0
DA:325,0
DA:326,0
BRDA:326,12,0,-
BRDA:326,12,1,-
DA:327,0
DA:328,0
BRDA:328,13,0,-
DA:329,0
DA:352,0
FN:352,ERC721._safeTransfer.0
FNDA:0,ERC721._safeTransfer.0
DA:353,0
DA:360,0
FN:360,ERC721._safeTransfer.1
FNDA:0,ERC721._safeTransfer.1
DA:361,0
DA:362,0
DA:375,4802
FN:375,ERC721._approve.0
FNDA:4802,ERC721._approve.0
DA:376,4802
DA:383,24895
FN:383,ERC721._approve.1
FNDA:24895,ERC721._approve.1
DA:385,24895
BRDA:385,14,0,4802
DA:386,4802
DA:389,4802
BRDA:389,15,0,0
DA:390,0
DA:393,4802
BRDA:393,16,0,4802
DA:394,4802
DA:398,24895
DA:409,0
FN:409,ERC721._setApprovalForAll
FNDA:0,ERC721._setApprovalForAll
DA:410,0
BRDA:410,17,0,-
DA:411,0
DA:413,0
BRDA:413,18,0,-
DA:414,0
DA:416,0
DA:417,0
DA:426,77342
FN:426,ERC721._requireOwned
FNDA:77342,ERC721._requireOwned
DA:427,77342
DA:428,77342
BRDA:428,19,0,9611
DA:429,9611
DA:431,67731
FNF:32
FNH:21
LF:120
LH:70
BRF:22
BRH:6
end_of_record
TN:
SF:lib/openzeppelin-contracts/contracts/token/ERC721/utils/ERC721Holder.sol
DA:23,1
FN:23,ERC721Holder.onERC721Received
FNDA:1,ERC721Holder.onERC721Received
DA:24,1
FNF:1
FNH:1
LF:2
LH:2
BRF:0
BRH:0
end_of_record
TN:
SF:lib/openzeppelin-contracts/contracts/token/ERC721/utils/ERC721Utils.sol
DA:25,37390
FN:25,ERC721Utils.checkOnERC721Received
FNDA:37390,ERC721Utils.checkOnERC721Received
DA:32,37390
BRDA:32,0,0,26351
DA:33,26351
BRDA:33,1,0,26351
DA:34,26350
BRDA:34,2,0,0
DA:36,0
DA:38,1
BRDA:38,1,1,1
DA:39,1
BRDA:39,3,0,1
BRDA:39,3,1,0
DA:41,1
DA:44,0
FNF:1
FNH:1
LF:9
LH:7
BRF:6
BRH:4
end_of_record
TN:
SF:lib/openzeppelin-contracts/contracts/utils/Address.sol
DA:34,1
FN:34,Address.sendValue
FNDA:1,Address.sendValue
DA:35,1
BRDA:35,0,0,0
DA:36,0
DA:38,1
BRDA:38,1,0,1
BRDA:38,1,1,0
DA:40,1
DA:41,0
BRDA:41,2,0,-
BRDA:41,2,1,-
DA:42,0
DA:44,0
DA:66,0
FN:66,Address.functionCall
FNDA:0,Address.functionCall
DA:67,0
DA:79,13573
FN:79,Address.functionCallWithValue
FNDA:13573,Address.functionCallWithValue
DA:80,13573
BRDA:80,3,0,0
DA:81,0
DA:83,13573
DA:84,13573
BRDA:84,4,0,13571
BRDA:84,4,1,9142
DA:85,13571
DA:86,0
BRDA:86,5,0,-
BRDA:86,5,1,-
DA:87,0
DA:88,2
BRDA:88,6,0,2
BRDA:88,6,1,0
DA:89,2
DA:91,0
DA:99,0
FN:99,Address.functionStaticCall
FNDA:0,Address.functionStaticCall
DA:100,0
DA:101,0
BRDA:101,7,0,-
BRDA:101,7,1,-
DA:102,0
DA:103,0
BRDA:103,8,0,-
BRDA:103,8,1,-
DA:104,0
DA:105,0
BRDA:105,9,0,-
BRDA:105,9,1,-
DA:106,0
DA:108,0
DA:116,0
FN:116,Address.functionDelegateCall
FNDA:0,Address.functionDelegateCall
DA:117,0
DA:118,0
BRDA:118,10,0,-
BRDA:118,10,1,-
DA:119,0
DA:120,0
BRDA:120,11,0,-
BRDA:120,11,1,-
DA:121,0
DA:122,0
BRDA:122,12,0,-
BRDA:122,12,1,-
DA:123,0
DA:125,0
DA:136,0
FN:136,Address.verifyCallResultFromTarget
FNDA:0,Address.verifyCallResultFromTarget
DA:143,0
BRDA:143,13,0,-
BRDA:143,13,1,-
DA:144,0
DA:145,0
BRDA:145,14,0,-
BRDA:145,14,1,-
DA:146,0
DA:147,0
BRDA:147,15,0,-
BRDA:147,15,1,-
DA:148,0
DA:150,0
DA:158,119
FN:158,Address.verifyCallResult
FNDA:119,Address.verifyCallResult
DA:159,118
BRDA:159,16,0,118
BRDA:159,16,1,0
DA:160,118
DA:161,1
BRDA:161,17,0,1
BRDA:161,17,1,0
DA:162,1
DA:164,0
FNF:7
FNH:3
LF:53
LH:16
BRF:34
BRH:6
end_of_record
TN:
SF:lib/openzeppelin-contracts/contracts/utils/Arrays.sol
DA:32,0
FN:32,Arrays.sort.0
FNDA:0,Arrays.sort.0
DA:36,0
DA:37,0
DA:43,0
FN:43,Arrays.sort.1
FNDA:0,Arrays.sort.1
DA:44,0
DA:45,0
DA:61,0
FN:61,Arrays.sort.2
FNDA:0,Arrays.sort.2
DA:65,0
DA:66,0
DA:72,0
FN:72,Arrays.sort.3
FNDA:0,Arrays.sort.3
DA:73,0
DA:74,0
DA:90,0
FN:90,Arrays.sort.4
FNDA:0,Arrays.sort.4
DA:94,0
DA:95,0
DA:101,0
FN:101,Arrays.sort.5
FNDA:0,Arrays.sort.5
DA:102,0
DA:103,0
DA:115,0
FN:115,Arrays._quickSort
FNDA:0,Arrays._quickSort
DA:117,0
BRDA:117,0,0,-
DA:120,0
DA:122,0
DA:124,0
DA:125,0
BRDA:125,1,0,-
DA:128,0
DA:129,0
DA:133,0
DA:134,0
DA:135,0
DA:142,0
FN:142,Arrays._begin
FNDA:0,Arrays._begin
DA:144,0
DA:152,0
FN:152,Arrays._end
FNDA:0,Arrays._end
DA:154,0
DA:161,0
FN:161,Arrays._mload
FNDA:0,Arrays._mload
DA:163,0
DA:170,0
FN:170,Arrays._swap
FNDA:0,Arrays._swap
DA:172,0
DA:173,0
DA:174,0
DA:175,0
DA:180,0
FN:180,Arrays._castToUint256Array.0
FNDA:0,Arrays._castToUint256Array.0
DA:182,0
DA:187,0
FN:187,Arrays._castToUint256Array.1
FNDA:0,Arrays._castToUint256Array.1
DA:189,0
DA:194,0
FN:194,Arrays._castToUint256Comp.0
FNDA:0,Arrays._castToUint256Comp.0
DA:198,0
DA:203,0
FN:203,Arrays._castToUint256Comp.1
FNDA:0,Arrays._castToUint256Comp.1
DA:207,0
DA:224,0
FN:224,Arrays.findUpperBound
FNDA:0,Arrays.findUpperBound
DA:225,0
DA:226,0
DA:228,0
BRDA:228,2,0,-
DA:229,0
DA:232,0
DA:233,0
DA:237,0
BRDA:237,3,0,-
BRDA:237,3,1,-
DA:238,0
DA:240,0
DA:245,0
BRDA:245,4,0,-
BRDA:245,4,1,-
DA:246,0
DA:248,0
DA:260,0
FN:260,Arrays.lowerBound
FNDA:0,Arrays.lowerBound
DA:261,0
DA:262,0
DA:264,0
BRDA:264,5,0,-
DA:265,0
DA:268,0
DA:269,0
DA:273,0
BRDA:273,6,0,-
BRDA:273,6,1,-
DA:276,0
DA:279,0
DA:283,0
DA:294,0
FN:294,Arrays.upperBound
FNDA:0,Arrays.upperBound
DA:295,0
DA:296,0
DA:298,0
BRDA:298,7,0,-
DA:299,0
DA:302,0
DA:303,0
DA:307,0
BRDA:307,8,0,-
BRDA:307,8,1,-
DA:308,0
DA:312,0
DA:317,0
DA:323,0
FN:323,Arrays.lowerBoundMemory
FNDA:0,Arrays.lowerBoundMemory
DA:324,0
DA:325,0
DA:327,0
BRDA:327,9,0,-
DA:328,0
DA:331,0
DA:332,0
DA:336,0
BRDA:336,10,0,-
BRDA:336,10,1,-
DA:339,0
DA:342,0
DA:346,0
DA:352,0
FN:352,Arrays.upperBoundMemory
FNDA:0,Arrays.upperBoundMemory
DA:353,0
DA:354,0
DA:356,0
BRDA:356,11,0,-
DA:357,0
DA:360,0
DA:361,0
DA:365,0
BRDA:365,12,0,-
BRDA:365,12,1,-
DA:366,0
DA:370,0
DA:375,0
DA:384,0
FN:384,Arrays.slice.0
FNDA:0,Arrays.slice.0
DA:385,0
DA:394,0
FN:394,Arrays.slice.1
FNDA:0,Arrays.slice.1
DA:396,0
DA:397,0
DA:400,0
DA:402,0
DA:405,0
DA:414,0
FN:414,Arrays.slice.2
FNDA:0,Arrays.slice.2
DA:415,0
DA:424,0
FN:424,Arrays.slice.3
FNDA:0,Arrays.slice.3
DA:426,0
DA:427,0
DA:430,0
DA:432,0
DA:435,0
DA:444,0
FN:444,Arrays.slice.4
FNDA:0,Arrays.slice.4
DA:445,0
DA:454,0
FN:454,Arrays.slice.5
FNDA:0,Arrays.slice.5
DA:456,0
DA:457,0
DA:460,0
DA:462,0
DA:465,0
DA:474,0
FN:474,Arrays.splice.0
FNDA:0,Arrays.splice.0
DA:475,0
DA:485,0
FN:485,Arrays.splice.1
FNDA:0,Arrays.splice.1
DA:487,0
DA:488,0
DA:492,0
DA:493,0
DA:496,0
DA:507,0
FN:507,Arrays.replace.0
FNDA:0,Arrays.replace.0
DA:512,0
DA:526,0
FN:526,Arrays.replace.1
FNDA:0,Arrays.replace.1
DA:534,0
DA:535,0
DA:536,0
DA:540,0
DA:547,0
DA:556,0
FN:556,Arrays.splice.2
FNDA:0,Arrays.splice.2
DA:557,0
DA:567,0
FN:567,Arrays.splice.3
FNDA:0,Arrays.splice.3
DA:569,0
DA:570,0
DA:574,0
DA:575,0
DA:578,0
DA:589,0
FN:589,Arrays.replace.2
FNDA:0,Arrays.replace.2
DA:594,0
DA:608,0
FN:608,Arrays.replace.3
FNDA:0,Arrays.replace.3
DA:616,0
DA:617,0
DA:618,0
DA:622,0
DA:629,0
DA:638,0
FN:638,Arrays.splice.4
FNDA:0,Arrays.splice.4
DA:639,0
DA:649,0
FN:649,Arrays.splice.5
FNDA:0,Arrays.splice.5
DA:651,0
DA:652,0
DA:656,0
DA:657,0
DA:660,0
DA:671,0
FN:671,Arrays.replace.4
FNDA:0,Arrays.replace.4
DA:676,0
DA:690,0
FN:690,Arrays.replace.5
FNDA:0,Arrays.replace.5
DA:698,0
DA:699,0
DA:700,0
DA:704,0
DA:711,0
DA:719,0
FN:719,Arrays.unsafeAccess.0
FNDA:0,Arrays.unsafeAccess.0
DA:720,0
DA:722,0
DA:724,0
DA:732,0
FN:732,Arrays.unsafeAccess.1
FNDA:0,Arrays.unsafeAccess.1
DA:733,0
DA:735,0
DA:737,0
DA:745,0
FN:745,Arrays.unsafeAccess.2
FNDA:0,Arrays.unsafeAccess.2
DA:746,0
DA:748,0
DA:750,0
DA:758,0
FN:758,Arrays.unsafeAccess.3
FNDA:0,Arrays.unsafeAccess.3
DA:759,0
DA:761,0
DA:763,0
DA:771,0
FN:771,Arrays.unsafeAccess.4
FNDA:0,Arrays.unsafeAccess.4
DA:772,0
DA:774,0
DA:776,0
DA:784,0
FN:784,Arrays.unsafeMemoryAccess.0
FNDA:0,Arrays.unsafeMemoryAccess.0
DA:786,0
DA:795,0
FN:795,Arrays.unsafeMemoryAccess.1
FNDA:0,Arrays.unsafeMemoryAccess.1
DA:797,0
DA:806,0
FN:806,Arrays.unsafeMemoryAccess.2
FNDA:0,Arrays.unsafeMemoryAccess.2
DA:808,0
DA:817,0
FN:817,Arrays.unsafeMemoryAccess.3
FNDA:0,Arrays.unsafeMemoryAccess.3
DA:819,0
DA:828,0
FN:828,Arrays.unsafeMemoryAccess.4
FNDA:0,Arrays.unsafeMemoryAccess.4
DA:830,0
DA:839,0
FN:839,Arrays.unsafeSetLength.0
FNDA:0,Arrays.unsafeSetLength.0
DA:841,0
DA:850,0
FN:850,Arrays.unsafeSetLength.1
FNDA:0,Arrays.unsafeSetLength.1
DA:852,0
DA:861,0
FN:861,Arrays.unsafeSetLength.2
FNDA:0,Arrays.unsafeSetLength.2
DA:863,0
DA:872,0
FN:872,Arrays.unsafeSetLength.3
FNDA:0,Arrays.unsafeSetLength.3
DA:874,0
DA:883,0
FN:883,Arrays.unsafeSetLength.4
FNDA:0,Arrays.unsafeSetLength.4
DA:885,0
FNF:53
FNH:0
LF:217
LH:0
BRF:19
BRH:0
end_of_record
TN:
SF:lib/openzeppelin-contracts/contracts/utils/Base64.sol
DA:19,2
FN:19,Base64.encode
FNDA:2,Base64.encode
DA:20,2
DA:27,0
FN:27,Base64.encodeURL
FNDA:0,Base64.encodeURL
DA:28,0
DA:38,0
FN:38,Base64.decode
FNDA:0,Base64.decode
DA:39,0
DA:48,2
FN:48,Base64._encode
FNDA:2,Base64._encode
DA:53,2
BRDA:53,0,0,0
DA:70,2
DA:73,0
DA:82,0
DA:83,0
DA:86,0
DA:87,0
DA:88,0
DA:89,0
DA:93,0
DA:94,0
DA:95,0
DA:98,0
DA:100,0
DA:101,0
DA:109,0
DA:110,0
DA:111,0
DA:112,0
DA:113,0
DA:114,0
DA:115,0
DA:116,0
DA:120,0
DA:122,0
BRDA:122,1,0,-
DA:125,0
DA:126,0
DA:127,0
DA:128,0
DA:130,0
DA:131,0
DA:136,0
DA:137,0
DA:144,0
FN:144,Base64._decode
FNDA:0,Base64._decode
DA:145,0
DA:147,0
DA:148,0
BRDA:148,2,0,-
DA:150,0
DA:151,0
BRDA:151,3,0,-
BRDA:151,3,1,-
DA:152,0
DA:154,0
DA:158,0
DA:163,0
DA:164,0
DA:165,0
DA:168,0
DA:169,0
DA:170,0
DA:174,0
DA:175,0
DA:176,0
DA:179,0
DA:180,0
DA:183,0
DA:186,0
DA:188,0
BRDA:188,4,0,-
DA:189,0
DA:190,0
DA:191,0
DA:193,0
DA:195,0
BRDA:195,5,0,-
DA:196,0
DA:197,0
DA:198,0
DA:200,0
DA:202,0
BRDA:202,6,0,-
DA:203,0
DA:204,0
DA:205,0
DA:207,0
DA:209,0
BRDA:209,7,0,-
DA:210,0
DA:211,0
DA:212,0
DA:215,0
DA:223,0
DA:227,0
DA:230,0
DA:231,0
FNF:5
FNH:2
LF:86
LH:5
BRF:9
BRH:0
end_of_record
TN:
SF:lib/openzeppelin-contracts/contracts/utils/Bytes.sol
DA:19,0
FN:19,Bytes.indexOf.0
FNDA:0,Bytes.indexOf.0
DA:20,0
DA:30,0
FN:30,Bytes.indexOf.1
FNDA:0,Bytes.indexOf.1
DA:31,0
DA:32,0
DA:33,0
BRDA:33,0,0,-
DA:34,0
DA:37,0
DA:47,0
FN:47,Bytes.lastIndexOf.0
FNDA:0,Bytes.lastIndexOf.0
DA:48,0
DA:58,0
FN:58,Bytes.lastIndexOf.1
FNDA:0,Bytes.lastIndexOf.1
DA:60,0
DA:61,0
DA:62,0
BRDA:62,1,0,-
DA:63,0
DA:66,0
DA:76,0
FN:76,Bytes.slice.0
FNDA:0,Bytes.slice.0
DA:77,0
DA:86,0
FN:86,Bytes.slice.1
FNDA:0,Bytes.slice.1
DA:88,0
DA:89,0
DA:92,0
DA:94,0
DA:97,0
DA:106,0
FN:106,Bytes.splice.0
FNDA:0,Bytes.splice.0
DA:107,0
DA:117,0
FN:117,Bytes.splice.1
FNDA:0,Bytes.splice.1
DA:119,0
DA:120,0
DA:124,0
DA:125,0
DA:128,0
DA:139,0
FN:139,Bytes.replace.0
FNDA:0,Bytes.replace.0
DA:140,0
DA:154,0
FN:154,Bytes.replace.1
FNDA:0,Bytes.replace.1
DA:162,0
DA:163,0
DA:164,0
DA:168,0
DA:171,0
DA:183,0
FN:183,Bytes.concat
FNDA:0,Bytes.concat
DA:184,0
DA:185,0
DA:186,0
DA:189,0
DA:191,0
DA:192,0
DA:193,0
DA:195,0
DA:198,0
DA:202,0
DA:210,0
FN:210,Bytes.toNibbles
FNDA:0,Bytes.toNibbles
DA:212,0
DA:213,0
DA:214,0
DA:215,0
DA:217,0
DA:218,0
DA:219,0
DA:220,0
DA:221,0
DA:222,0
DA:226,0
DA:230,0
DA:234,0
DA:238,0
DA:242,0
DA:250,0
FN:250,Bytes.equal
FNDA:0,Bytes.equal
DA:251,0
DA:258,0
FN:258,Bytes.reverseBytes32
FNDA:0,Bytes.reverseBytes32
DA:259,0
DA:262,0
DA:265,0
DA:268,0
DA:271,0
DA:275,0
FN:275,Bytes.reverseBytes16
FNDA:0,Bytes.reverseBytes16
DA:276,0
DA:279,0
DA:282,0
DA:285,0
DA:289,0
FN:289,Bytes.reverseBytes8
FNDA:0,Bytes.reverseBytes8
DA:290,0
DA:291,0
DA:292,0
DA:296,0
FN:296,Bytes.reverseBytes4
FNDA:0,Bytes.reverseBytes4
DA:297,0
DA:298,0
DA:302,0
FN:302,Bytes.reverseBytes2
FNDA:0,Bytes.reverseBytes2
DA:303,0
DA:310,0
FN:310,Bytes.clz
FNDA:0,Bytes.clz
DA:311,0
DA:312,0
DA:313,0
BRDA:313,2,0,-
DA:314,0
DA:317,0
DA:326,0
FN:326,Bytes._unsafeReadBytesOffset
FNDA:0,Bytes._unsafeReadBytesOffset
DA:329,0
FNF:20
FNH:0
LF:97
LH:0
BRF:3
BRH:0
end_of_record
TN:
SF:lib/openzeppelin-contracts/contracts/utils/Comparators.sol
DA:12,0
FN:12,Comparators.lt
FNDA:0,Comparators.lt
DA:13,0
DA:16,0
FN:16,Comparators.gt
FNDA:0,Comparators.gt
DA:17,0
FNF:2
FNH:0
LF:4
LH:0
BRF:0
BRH:0
end_of_record
TN:
SF:lib/openzeppelin-contracts/contracts/utils/Context.sol
DA:17,1154809
FN:17,Context._msgSender
FNDA:1154809,Context._msgSender
DA:18,1154809
DA:21,0
FN:21,Context._msgData
FNDA:0,Context._msgData
DA:22,0
DA:25,0
FN:25,Context._contextSuffixLength
FNDA:0,Context._contextSuffixLength
DA:26,0
FNF:3
FNH:1
LF:6
LH:2
BRF:0
BRH:0
end_of_record
TN:
SF:lib/openzeppelin-contracts/contracts/utils/Create2.sol
DA:38,0
FN:38,Create2.deploy
FNDA:0,Create2.deploy
DA:39,0
BRDA:39,0,0,-
DA:40,0
DA:42,0
BRDA:42,1,0,-
DA:43,0
DA:46,0
DA:48,0
BRDA:48,2,0,-
DA:49,0
BRDA:49,3,0,-
BRDA:49,3,1,-
DA:50,0
DA:52,0
DA:61,6
FN:61,Create2.computeAddress.0
FNDA:6,Create2.computeAddress.0
DA:62,6
DA:69,6
FN:69,Create2.computeAddress.1
FNDA:6,Create2.computeAddress.1
DA:71,0
DA:83,0
DA:84,0
DA:85,0
DA:86,0
DA:87,0
DA:88,0
FNF:3
FNH:2
LF:20
LH:3
BRF:5
BRH:0
end_of_record
TN:
SF:lib/openzeppelin-contracts/contracts/utils/LowLevelCall.sol
DA:14,0
FN:14,LowLevelCall.callNoReturn.0
FNDA:0,LowLevelCall.callNoReturn.0
DA:15,0
DA:19,13574
FN:19,LowLevelCall.callNoReturn.1
FNDA:13574,LowLevelCall.callNoReturn.1
DA:21,0
DA:30,0
FN:30,LowLevelCall.callReturn64Bytes.0
FNDA:0,LowLevelCall.callReturn64Bytes.0
DA:34,0
DA:38,0
FN:38,LowLevelCall.callReturn64Bytes.1
FNDA:0,LowLevelCall.callReturn64Bytes.1
DA:44,0
DA:45,0
DA:46,0
DA:51,0
FN:51,LowLevelCall.staticcallNoReturn
FNDA:0,LowLevelCall.staticcallNoReturn
DA:53,0
DA:62,10
FN:62,LowLevelCall.staticcallReturn64Bytes
FNDA:10,LowLevelCall.staticcallReturn64Bytes
DA:67,0
DA:68,0
DA:69,0
DA:74,0
FN:74,LowLevelCall.delegatecallNoReturn
FNDA:0,LowLevelCall.delegatecallNoReturn
DA:76,0
DA:85,0
FN:85,LowLevelCall.delegatecallReturn64Bytes
FNDA:0,LowLevelCall.delegatecallReturn64Bytes
DA:90,0
DA:91,0
DA:92,0
DA:97,13583
FN:97,LowLevelCall.returnDataSize
FNDA:13583,LowLevelCall.returnDataSize
DA:99,0
DA:104,13571
FN:104,LowLevelCall.returnData
FNDA:13571,LowLevelCall.returnData
DA:106,0
DA:107,0
DA:108,0
DA:109,0
DA:114,2
FN:114,LowLevelCall.bubbleRevert.0
FNDA:2,LowLevelCall.bubbleRevert.0
DA:116,0
DA:117,0
DA:118,0
DA:122,1
FN:122,LowLevelCall.bubbleRevert.1
FNDA:1,LowLevelCall.bubbleRevert.1
DA:124,0
FNF:12
FNH:6
LF:35
LH:6
BRF:0
BRH:0
end_of_record
TN:
SF:lib/openzeppelin-contracts/contracts/utils/Memory.sol
DA:24,10
FN:24,Memory.getFreeMemoryPointer
FNDA:10,Memory.getFreeMemoryPointer
DA:26,0
DA:39,10
FN:39,Memory.unsafeSetFreeMemoryPointer
FNDA:10,Memory.unsafeSetFreeMemoryPointer
DA:41,0
DA:46,0
FN:46,Memory.forward
FNDA:0,Memory.forward
DA:47,0
DA:51,0
FN:51,Memory.equal.0
FNDA:0,Memory.equal.0
DA:52,0
DA:58,0
FN:58,Memory.asSlice
FNDA:0,Memory.asSlice
DA:60,0
DA:65,0
FN:65,Memory.length
FNDA:0,Memory.length
DA:67,0
DA:72,0
FN:72,Memory.slice.0
FNDA:0,Memory.slice.0
DA:73,0
BRDA:73,0,0,-
DA:74,0
DA:78,0
FN:78,Memory.slice.1
FNDA:0,Memory.slice.1
DA:79,0
BRDA:79,1,0,-
DA:80,0
DA:88,0
FN:88,Memory.load
FNDA:0,Memory.load
DA:89,0
DA:90,0
BRDA:90,2,0,-
DA:93,0
DA:98,0
FN:98,Memory.toBytes
FNDA:0,Memory.toBytes
DA:99,0
DA:100,0
DA:102,0
DA:103,0
DA:104,0
DA:105,0
DA:110,0
FN:110,Memory.equal.1
FNDA:0,Memory.equal.1
DA:111,0
DA:112,0
DA:113,0
DA:114,0
DA:116,0
DA:121,0
FN:121,Memory.isReserved
FNDA:0,Memory.isReserved
DA:122,0
DA:123,0
DA:125,0
DA:137,0
FN:137,Memory._asSlice
FNDA:0,Memory._asSlice
DA:139,0
DA:144,0
FN:144,Memory._pointer
FNDA:0,Memory._pointer
DA:146,0
FNF:14
FNH:2
LF:43
LH:2
BRF:3
BRH:0
end_of_record
TN:
SF:lib/openzeppelin-contracts/contracts/utils/Nonces.sol
DA:19,1
FN:19,Nonces.nonces
FNDA:1,Nonces.nonces
DA:20,1
DA:28,1
FN:28,Nonces._useNonce
FNDA:1,Nonces._useNonce
DA:33,1
DA:40,0
FN:40,Nonces._useCheckedNonce
FNDA:0,Nonces._useCheckedNonce
DA:41,0
DA:42,0
BRDA:42,0,0,-
DA:43,0
FNF:3
FNH:2
LF:8
LH:4
BRF:1
BRH:0
end_of_record
TN:
SF:lib/openzeppelin-contracts/contracts/utils/Panic.sol
DA:50,0
FN:50,Panic.panic
FNDA:0,Panic.panic
DA:52,0
DA:53,0
DA:54,0
FNF:1
FNH:0
LF:4
LH:0
BRF:0
BRH:0
end_of_record
TN:
SF:lib/openzeppelin-contracts/contracts/utils/ReentrancyGuard.sol
DA:58,6348
FN:58,ReentrancyGuard.constructor
FNDA:6348,ReentrancyGuard.constructor
DA:59,6348
DA:69,71754
FN:69,ReentrancyGuard.nonReentrant
FNDA:71754,ReentrancyGuard.nonReentrant
DA:70,0
DA:72,0
DA:83,0
FN:83,ReentrancyGuard.nonReentrantView
FNDA:0,ReentrancyGuard.nonReentrantView
DA:84,0
DA:88,492734
FN:88,ReentrancyGuard._nonReentrantBeforeView
FNDA:492734,ReentrancyGuard._nonReentrantBeforeView
DA:89,492734
BRDA:89,0,0,1
DA:90,1
DA:94,492734
FN:94,ReentrancyGuard._nonReentrantBefore
FNDA:492734,ReentrancyGuard._nonReentrantBefore
DA:96,0
DA:99,492733
DA:102,462555
FN:102,ReentrancyGuard._nonReentrantAfter
FNDA:462555,ReentrancyGuard._nonReentrantAfter
DA:105,462555
DA:112,492734
FN:112,ReentrancyGuard._reentrancyGuardEntered
FNDA:492734,ReentrancyGuard._reentrancyGuardEntered
DA:113,492734
DA:116,1454370
FN:116,ReentrancyGuard._reentrancyGuardStorageSlot
FNDA:1454370,ReentrancyGuard._reentrancyGuardStorageSlot
DA:117,1454370
FNF:8
FNH:7
LF:19
LH:14
BRF:1
BRH:1
end_of_record
TN:
SF:lib/openzeppelin-contracts/contracts/utils/ShortStrings.sol
DA:52,2728
FN:52,ShortStrings.toShortString
FNDA:2728,ShortStrings.toShortString
DA:53,2728
DA:54,2728
BRDA:54,0,0,0
DA:55,0
DA:57,2728
DA:63,0
FN:63,ShortStrings.toString
FNDA:0,ShortStrings.toString
DA:64,0
DA:66,0
DA:68,0
DA:69,0
DA:71,0
DA:77,0
FN:77,ShortStrings.byteLength
FNDA:0,ShortStrings.byteLength
DA:78,0
DA:79,0
BRDA:79,1,0,-
DA:80,0
DA:82,0
DA:88,2728
FN:88,ShortStrings.toShortStringWithFallback
FNDA:2728,ShortStrings.toShortStringWithFallback
DA:89,2728
BRDA:89,2,0,2728
BRDA:89,2,1,0
DA:90,2728
DA:92,0
DA:93,0
DA:100,0
FN:100,ShortStrings.toStringWithFallback
FNDA:0,ShortStrings.toStringWithFallback
DA:101,0
BRDA:101,3,0,-
BRDA:101,3,1,-
DA:102,0
DA:104,0
DA:115,0
FN:115,ShortStrings.byteLengthWithFallback
FNDA:0,ShortStrings.byteLengthWithFallback
DA:116,0
BRDA:116,4,0,-
BRDA:116,4,1,-
DA:117,0
DA:119,0
FNF:6
FNH:2
LF:29
LH:7
BRF:8
BRH:1
end_of_record
TN:
SF:lib/openzeppelin-contracts/contracts/utils/SlotDerivation.sol
DA:45,0
FN:45,SlotDerivation.erc7201Slot
FNDA:0,SlotDerivation.erc7201Slot
DA:47,0
DA:48,0
DA:55,0
FN:55,SlotDerivation.offset
FNDA:0,SlotDerivation.offset
DA:57,0
DA:64,0
FN:64,SlotDerivation.deriveArray
FNDA:0,SlotDerivation.deriveArray
DA:66,0
DA:67,0
DA:74,0
FN:74,SlotDerivation.deriveMapping.0
FNDA:0,SlotDerivation.deriveMapping.0
DA:76,0
DA:77,0
DA:78,0
DA:85,0
FN:85,SlotDerivation.deriveMapping.1
FNDA:0,SlotDerivation.deriveMapping.1
DA:87,0
DA:88,0
DA:89,0
DA:96,0
FN:96,SlotDerivation.deriveMapping.2
FNDA:0,SlotDerivation.deriveMapping.2
DA:98,0
DA:99,0
DA:100,0
DA:107,0
FN:107,SlotDerivation.deriveMapping.3
FNDA:0,SlotDerivation.deriveMapping.3
DA:109,0
DA:110,0
DA:111,0
DA:118,0
FN:118,SlotDerivation.deriveMapping.4
FNDA:0,SlotDerivation.deriveMapping.4
DA:120,0
DA:121,0
DA:122,0
DA:129,0
FN:129,SlotDerivation.deriveMapping.5
FNDA:0,SlotDerivation.deriveMapping.5
DA:131,0
DA:132,0
DA:133,0
DA:134,0
DA:135,0
DA:136,0
DA:137,0
DA:144,0
FN:144,SlotDerivation.deriveMapping.6
FNDA:0,SlotDerivation.deriveMapping.6
DA:146,0
DA:147,0
DA:148,0
DA:149,0
DA:150,0
DA:151,0
DA:152,0
FNF:10
FNH:0
LF:44
LH:0
BRF:0
BRH:0
end_of_record
TN:
SF:lib/openzeppelin-contracts/contracts/utils/StorageSlot.sol
DA:66,0
FN:66,StorageSlot.getAddressSlot
FNDA:0,StorageSlot.getAddressSlot
DA:68,0
DA:75,0
FN:75,StorageSlot.getBooleanSlot
FNDA:0,StorageSlot.getBooleanSlot
DA:77,0
DA:84,0
FN:84,StorageSlot.getBytes32Slot
FNDA:0,StorageSlot.getBytes32Slot
DA:86,0
DA:93,1454370
FN:93,StorageSlot.getUint256Slot
FNDA:1454370,StorageSlot.getUint256Slot
DA:95,0
DA:102,0
FN:102,StorageSlot.getInt256Slot
FNDA:0,StorageSlot.getInt256Slot
DA:104,0
DA:111,0
FN:111,StorageSlot.getStringSlot.0
FNDA:0,StorageSlot.getStringSlot.0
DA:113,0
DA:120,0
FN:120,StorageSlot.getStringSlot.1
FNDA:0,StorageSlot.getStringSlot.1
DA:122,0
DA:129,0
FN:129,StorageSlot.getBytesSlot.0
FNDA:0,StorageSlot.getBytesSlot.0
DA:131,0
DA:138,0
FN:138,StorageSlot.getBytesSlot.1
FNDA:0,StorageSlot.getBytesSlot.1
DA:140,0
FNF:9
FNH:1
LF:18
LH:1
BRF:0
BRH:0
end_of_record
TN:
SF:lib/openzeppelin-contracts/contracts/utils/Strings.sol
DA:42,8
FN:42,Strings.toString
FNDA:8,Strings.toString
DA:44,8
DA:45,8
DA:46,8
DA:48,0
DA:51,68
DA:53,0
DA:55,68
DA:56,68
BRDA:56,0,0,8
DA:58,8
DA:65,0
FN:65,Strings.toStringSigned
FNDA:0,Strings.toStringSigned
DA:66,0
DA:72,0
FN:72,Strings.toHexString.0
FNDA:0,Strings.toHexString.0
DA:74,0
DA:81,2
FN:81,Strings.toHexString.1
FNDA:2,Strings.toHexString.1
DA:82,2
DA:83,2
DA:84,2
DA:85,2
DA:86,2
DA:87,80
DA:88,80
DA:90,2
BRDA:90,1,0,0
DA:91,0
DA:93,2
DA:100,2
FN:100,Strings.toHexString.2
FNDA:2,Strings.toHexString.2
DA:101,2
DA:108,0
FN:108,Strings.toChecksumHexString
FNDA:0,Strings.toChecksumHexString
DA:109,0
DA:112,0
DA:114,0
DA:117,0
DA:119,0
BRDA:119,2,0,-
DA:121,0
DA:123,0
DA:125,0
DA:131,0
FN:131,Strings.toHexString.3
FNDA:0,Strings.toHexString.3
DA:133,0
DA:134,0
DA:135,0
DA:136,0
DA:137,0
DA:138,0
DA:139,0
DA:141,0
DA:148,0
FN:148,Strings.equal
FNDA:0,Strings.equal
DA:149,0
DA:159,0
FN:159,Strings.parseUint.0
FNDA:0,Strings.parseUint.0
DA:160,0
DA:171,0
FN:171,Strings.parseUint.1
FNDA:0,Strings.parseUint.1
DA:172,0
DA:173,0
BRDA:173,3,0,-
DA:174,0
DA:182,0
FN:182,Strings.tryParseUint.0
FNDA:0,Strings.tryParseUint.0
DA:183,0
DA:192,0
FN:192,Strings.tryParseUint.1
FNDA:0,Strings.tryParseUint.1
DA:197,0
BRDA:197,4,0,-
DA:198,0
DA:205,0
FN:205,Strings._tryParseUintUncheckedBounds
FNDA:0,Strings._tryParseUintUncheckedBounds
DA:210,0
DA:212,0
DA:213,0
DA:214,0
DA:215,0
BRDA:215,5,0,-
DA:216,0
DA:217,0
DA:219,0
DA:229,0
FN:229,Strings.parseInt.0
FNDA:0,Strings.parseInt.0
DA:230,0
DA:241,0
FN:241,Strings.parseInt.1
FNDA:0,Strings.parseInt.1
DA:242,0
DA:243,0
BRDA:243,6,0,-
DA:244,0
DA:253,0
FN:253,Strings.tryParseInt.0
FNDA:0,Strings.tryParseInt.0
DA:254,0
DA:265,0
FN:265,Strings.tryParseInt.1
FNDA:0,Strings.tryParseInt.1
DA:270,0
BRDA:270,7,0,-
DA:271,0
DA:278,0
FN:278,Strings._tryParseIntUncheckedBounds
FNDA:0,Strings._tryParseIntUncheckedBounds
DA:283,0
DA:286,0
DA:287,0
DA:288,0
DA:289,0
DA:291,0
DA:293,0
BRDA:293,8,0,-
BRDA:293,8,1,-
DA:294,0
DA:295,0
BRDA:295,9,1,-
BRDA:295,9,0,-
DA:296,0
DA:297,0
DA:307,0
FN:307,Strings.parseHexUint.0
FNDA:0,Strings.parseHexUint.0
DA:308,0
DA:319,0
FN:319,Strings.parseHexUint.1
FNDA:0,Strings.parseHexUint.1
DA:320,0
DA:321,0
BRDA:321,10,0,-
DA:322,0
DA:330,0
FN:330,Strings.tryParseHexUint.0
FNDA:0,Strings.tryParseHexUint.0
DA:331,0
DA:340,0
FN:340,Strings.tryParseHexUint.1
FNDA:0,Strings.tryParseHexUint.1
DA:345,0
BRDA:345,11,0,-
DA:346,0
DA:353,0
FN:353,Strings._tryParseHexUintUncheckedBounds
FNDA:0,Strings._tryParseHexUintUncheckedBounds
DA:358,0
DA:361,0
DA:362,0
DA:364,0
DA:365,0
DA:366,0
DA:367,0
BRDA:367,12,0,-
DA:368,0
DA:372,0
DA:375,0
DA:384,0
FN:384,Strings.parseAddress.0
FNDA:0,Strings.parseAddress.0
DA:385,0
DA:395,0
FN:395,Strings.parseAddress.1
FNDA:0,Strings.parseAddress.1
DA:396,0
DA:397,0
BRDA:397,13,0,-
DA:398,0
DA:405,0
FN:405,Strings.tryParseAddress.0
FNDA:0,Strings.tryParseAddress.0
DA:406,0
DA:413,0
FN:413,Strings.tryParseAddress.1
FNDA:0,Strings.tryParseAddress.1
DA:418,0
BRDA:418,14,0,-
DA:420,0
DA:421,0
DA:424,0
BRDA:424,15,0,-
BRDA:424,15,1,-
DA:426,0
DA:427,0
DA:429,0
DA:433,0
FN:433,Strings._tryParseChr
FNDA:0,Strings._tryParseChr
DA:434,0
DA:442,0
BRDA:442,16,0,-
BRDA:442,16,1,-
DA:443,0
BRDA:443,17,0,-
BRDA:443,17,1,-
DA:444,0
BRDA:444,18,0,-
BRDA:444,18,1,-
DA:445,0
DA:448,0
DA:461,0
FN:461,Strings.escapeJSON
FNDA:0,Strings.escapeJSON
DA:462,0
DA:467,0
DA:469,0
DA:471,0
DA:473,0
DA:474,0
DA:475,0
BRDA:475,19,0,-
BRDA:475,19,1,-
DA:476,0
DA:477,0
BRDA:477,20,0,-
BRDA:477,20,1,-
DA:478,0
BRDA:478,21,0,-
BRDA:478,21,1,-
DA:479,0
BRDA:479,22,0,-
BRDA:479,22,1,-
DA:480,0
BRDA:480,23,0,-
BRDA:480,23,1,-
DA:481,0
BRDA:481,24,0,-
BRDA:481,24,1,-
DA:482,0
BRDA:482,25,0,-
BRDA:482,25,1,-
DA:483,0
BRDA:483,26,0,-
BRDA:483,26,1,-
DA:485,0
DA:488,0
DA:489,0
DA:490,0
DA:491,0
DA:492,0
DA:495,0
DA:500,0
DA:501,0
DA:504,0
DA:513,0
FN:513,Strings._unsafeReadBytesOffset
FNDA:0,Strings._unsafeReadBytesOffset
DA:516,0
DA:526,0
FN:526,Strings._unsafeWriteBytesOffset
FNDA:0,Strings._unsafeWriteBytesOffset
DA:529,0
FNF:31
FNH:3
LF:165
LH:20
BRF:41
BRH:1
end_of_record
TN:
SF:lib/openzeppelin-contracts/contracts/utils/cryptography/ECDSA.sol
DA:61,3018
FN:61,ECDSA.tryRecover.0
FNDA:3018,ECDSA.tryRecover.0
DA:65,3018
BRDA:65,0,0,3018
BRDA:65,0,1,0
DA:66,3018
DA:67,3018
DA:68,3018
DA:72,0
DA:73,0
DA:74,0
DA:76,3018
DA:78,0
DA:85,0
FN:85,ECDSA.tryRecoverCalldata
FNDA:0,ECDSA.tryRecoverCalldata
DA:89,0
BRDA:89,1,0,-
BRDA:89,1,1,-
DA:90,0
DA:91,0
DA:92,0
DA:96,0
DA:97,0
DA:98,0
DA:100,0
DA:102,0
DA:124,0
FN:124,ECDSA.recover.0
FNDA:0,ECDSA.recover.0
DA:125,0
DA:126,0
DA:127,0
DA:133,0
FN:133,ECDSA.recoverCalldata
FNDA:0,ECDSA.recoverCalldata
DA:134,0
DA:135,0
DA:136,0
DA:144,0
FN:144,ECDSA.tryRecover.1
FNDA:0,ECDSA.tryRecover.1
DA:150,0
DA:152,0
DA:153,0
DA:160,0
FN:160,ECDSA.recover.1
FNDA:0,ECDSA.recover.1
DA:161,0
DA:162,0
DA:163,0
DA:170,3019
FN:170,ECDSA.tryRecover.2
FNDA:3019,ECDSA.tryRecover.2
DA:185,3019
BRDA:185,2,0,0
DA:186,0
DA:190,3019
DA:191,3019
BRDA:191,3,0,0
DA:192,0
DA:195,3019
DA:202,1
FN:202,ECDSA.recover.2
FNDA:1,ECDSA.recover.2
DA:203,1
DA:204,1
DA:205,0
DA:217,0
FN:217,ECDSA.parse
FNDA:0,ECDSA.parse
DA:220,0
DA:222,0
DA:223,0
DA:224,0
DA:225,0
DA:228,0
DA:229,0
DA:230,0
DA:231,0
DA:232,0
DA:234,0
DA:235,0
DA:236,0
DA:237,0
DA:245,0
FN:245,ECDSA.parseCalldata
FNDA:0,ECDSA.parseCalldata
DA:250,0
DA:251,0
DA:252,0
DA:253,0
DA:256,0
DA:257,0
DA:258,0
DA:259,0
DA:260,0
DA:262,0
DA:263,0
DA:264,0
DA:265,0
DA:273,1
FN:273,ECDSA._throwError
FNDA:1,ECDSA._throwError
DA:274,1
BRDA:274,4,0,1
BRDA:274,4,1,0
DA:275,1
DA:276,0
BRDA:276,5,0,-
BRDA:276,5,1,-
DA:277,0
DA:278,0
BRDA:278,6,0,-
BRDA:278,6,1,-
DA:279,0
DA:280,0
BRDA:280,7,0,-
DA:281,0
FNF:11
FNH:4
LF:85
LH:17
BRF:13
BRH:2
end_of_record
TN:
SF:lib/openzeppelin-contracts/contracts/utils/cryptography/EIP712.sol
DA:68,1364
FN:68,EIP712.constructor
FNDA:1364,EIP712.constructor
DA:69,1364
DA:70,1364
DA:71,1364
DA:72,1364
DA:74,1364
DA:75,1364
DA:76,1364
DA:82,2
FN:82,EIP712._domainSeparatorV4
FNDA:2,EIP712._domainSeparatorV4
DA:83,2
BRDA:83,0,0,2
BRDA:83,0,1,0
DA:84,2
DA:86,0
DA:90,1364
FN:90,EIP712._buildDomainSeparator
FNDA:1364,EIP712._buildDomainSeparator
DA:91,1364
DA:109,1
FN:109,EIP712._hashTypedDataV4
FNDA:1,EIP712._hashTypedDataV4
DA:110,1
DA:114,0
FN:114,EIP712.eip712Domain
FNDA:0,EIP712.eip712Domain
DA:128,0
DA:146,0
FN:146,EIP712._EIP712Name
FNDA:0,EIP712._EIP712Name
DA:147,0
DA:157,0
FN:157,EIP712._EIP712Version
FNDA:0,EIP712._EIP712Version
DA:158,0
FNF:7
FNH:4
LF:22
LH:15
BRF:2
BRH:1
end_of_record
TN:
SF:lib/openzeppelin-contracts/contracts/utils/cryptography/Hashes.sol
DA:17,6066
FN:17,Hashes.commutativeKeccak256
FNDA:6066,Hashes.commutativeKeccak256
DA:18,6066
DA:24,6066
FN:24,Hashes.efficientKeccak256
FNDA:6066,Hashes.efficientKeccak256
DA:26,0
DA:27,0
DA:28,0
FNF:2
FNH:2
LF:6
LH:3
BRF:0
BRH:0
end_of_record
TN:
SF:lib/openzeppelin-contracts/contracts/utils/cryptography/MerkleProof.sol
DA:45,6078
FN:45,MerkleProof.verify.0
FNDA:6078,MerkleProof.verify.0
DA:46,6078
DA:57,6078
FN:57,MerkleProof.processProof.0
FNDA:6078,MerkleProof.processProof.0
DA:58,6078
DA:59,6078
DA:60,6066
DA:62,0
DA:73,0
FN:73,MerkleProof.verify.1
FNDA:0,MerkleProof.verify.1
DA:79,0
DA:90,0
FN:90,MerkleProof.processProof.1
FNDA:0,MerkleProof.processProof.1
DA:95,0
DA:96,0
DA:97,0
DA:99,0
DA:110,1010
FN:110,MerkleProof.verifyCalldata.0
FNDA:1010,MerkleProof.verifyCalldata.0
DA:111,1010
DA:122,1010
FN:122,MerkleProof.processProofCalldata.0
FNDA:1010,MerkleProof.processProofCalldata.0
DA:123,1010
DA:124,1010
DA:125,0
DA:127,0
DA:138,0
FN:138,MerkleProof.verifyCalldata.1
FNDA:0,MerkleProof.verifyCalldata.1
DA:144,0
DA:155,0
FN:155,MerkleProof.processProofCalldata.1
FNDA:0,MerkleProof.processProofCalldata.1
DA:160,0
DA:161,0
DA:162,0
DA:164,0
DA:178,0
FN:178,MerkleProof.multiProofVerify.0
FNDA:0,MerkleProof.multiProofVerify.0
DA:184,0
DA:203,0
FN:203,MerkleProof.processMultiProof.0
FNDA:0,MerkleProof.processMultiProof.0
DA:212,0
DA:213,0
DA:216,0
BRDA:216,0,0,-
DA:217,0
DA:220,0
BRDA:220,1,0,-
BRDA:220,1,1,-
DA:223,0
DA:224,0
DA:225,0
DA:226,0
DA:232,0
DA:233,0
DA:234,0
DA:237,0
DA:239,0
BRDA:239,2,0,-
DA:240,0
DA:243,0
DA:245,0
BRDA:245,3,0,-
BRDA:245,3,1,-
DA:246,0
DA:248,0
DA:263,0
FN:263,MerkleProof.multiProofVerify.1
FNDA:0,MerkleProof.multiProofVerify.1
DA:270,0
DA:289,0
FN:289,MerkleProof.processMultiProof.1
FNDA:0,MerkleProof.processMultiProof.1
DA:299,0
DA:300,0
DA:303,0
BRDA:303,4,0,-
DA:304,0
DA:307,0
BRDA:307,5,0,-
BRDA:307,5,1,-
DA:310,0
DA:311,0
DA:312,0
DA:313,0
DA:319,0
DA:320,0
DA:321,0
DA:324,0
DA:326,0
BRDA:326,6,0,-
DA:327,0
DA:330,0
DA:332,0
BRDA:332,7,0,-
BRDA:332,7,1,-
DA:333,0
DA:335,0
DA:350,0
FN:350,MerkleProof.multiProofVerifyCalldata.0
FNDA:0,MerkleProof.multiProofVerifyCalldata.0
DA:356,0
DA:375,0
FN:375,MerkleProof.processMultiProofCalldata.0
FNDA:0,MerkleProof.processMultiProofCalldata.0
DA:384,0
DA:385,0
DA:388,0
BRDA:388,8,0,-
DA:389,0
DA:392,0
BRDA:392,9,0,-
BRDA:392,9,1,-
DA:395,0
DA:396,0
DA:397,0
DA:398,0
DA:404,0
DA:405,0
DA:406,0
DA:409,0
DA:411,0
BRDA:411,10,0,-
DA:412,0
DA:415,0
DA:417,0
BRDA:417,11,0,-
BRDA:417,11,1,-
DA:418,0
DA:420,0
DA:435,0
FN:435,MerkleProof.multiProofVerifyCalldata.1
FNDA:0,MerkleProof.multiProofVerifyCalldata.1
DA:442,0
DA:461,0
FN:461,MerkleProof.processMultiProofCalldata.1
FNDA:0,MerkleProof.processMultiProofCalldata.1
DA:471,0
DA:472,0
DA:475,0
BRDA:475,12,0,-
DA:476,0
DA:479,0
BRDA:479,13,0,-
BRDA:479,13,1,-
DA:482,0
DA:483,0
DA:484,0
DA:485,0
DA:491,0
DA:492,0
DA:493,0
DA:496,0
DA:498,0
BRDA:498,14,0,-
DA:499,0
DA:502,0
DA:504,0
BRDA:504,15,0,-
BRDA:504,15,1,-
DA:505,0
DA:507,0
FNF:16
FNH:4
LF:116
LH:11
BRF:24
BRH:0
end_of_record
TN:
SF:lib/openzeppelin-contracts/contracts/utils/cryptography/MessageHashUtils.sol
DA:32,0
FN:32,MessageHashUtils.toEthSignedMessageHash.0
FNDA:0,MessageHashUtils.toEthSignedMessageHash.0
DA:34,0
DA:35,0
DA:36,0
DA:50,0
FN:50,MessageHashUtils.toEthSignedMessageHash.1
FNDA:0,MessageHashUtils.toEthSignedMessageHash.1
DA:51,0
DA:52,0
DA:64,0
FN:64,MessageHashUtils.toDataWithIntendedValidatorHash.0
FNDA:0,MessageHashUtils.toDataWithIntendedValidatorHash.0
DA:65,0
DA:71,0
FN:71,MessageHashUtils.toDataWithIntendedValidatorHash.1
FNDA:0,MessageHashUtils.toDataWithIntendedValidatorHash.1
DA:76,0
DA:77,0
DA:78,0
DA:79,0
DA:92,6040
FN:92,MessageHashUtils.toTypedDataHash
FNDA:6040,MessageHashUtils.toTypedDataHash
DA:94,0
DA:95,0
DA:96,0
DA:97,0
DA:98,0
DA:117,0
FN:117,MessageHashUtils.toDomainSeparator.0
FNDA:0,MessageHashUtils.toDomainSeparator.0
DA:125,0
DA:126,0
DA:137,0
FN:137,MessageHashUtils.toDomainSeparator.1
FNDA:0,MessageHashUtils.toDomainSeparator.1
DA:145,0
DA:149,0
DA:152,0
DA:153,0
DA:155,0
DA:156,0
BRDA:156,0,0,-
DA:157,0
DA:158,0
DA:160,0
BRDA:160,1,0,-
DA:161,0
DA:162,0
DA:164,0
BRDA:164,2,0,-
DA:165,0
DA:166,0
DA:168,0
BRDA:168,3,0,-
DA:169,0
DA:170,0
DA:172,0
BRDA:172,4,0,-
DA:173,0
DA:174,0
DA:177,0
DA:182,0
FN:182,MessageHashUtils.toDomainTypeHash
FNDA:0,MessageHashUtils.toDomainTypeHash
DA:183,0
BRDA:183,5,0,-
DA:187,0
DA:190,0
DA:191,0
DA:193,0
DA:195,0
BRDA:195,6,0,-
DA:196,0
DA:197,0
DA:200,0
BRDA:200,7,0,-
DA:201,0
DA:202,0
DA:205,0
BRDA:205,8,0,-
DA:206,0
DA:207,0
DA:210,0
BRDA:210,9,0,-
DA:211,0
DA:212,0
DA:215,0
BRDA:215,10,0,-
DA:216,0
DA:217,0
DA:220,0
DA:222,0
DA:223,0
DA:225,0
FNF:8
FNH:1
LF:70
LH:1
BRF:11
BRH:0
end_of_record
TN:
SF:lib/openzeppelin-contracts/contracts/utils/cryptography/SignatureChecker.sol
DA:32,3018
FN:32,SignatureChecker.isValidSignatureNow.0
FNDA:3018,SignatureChecker.isValidSignatureNow.0
DA:33,3018
BRDA:33,0,0,3018
BRDA:33,0,1,3018
DA:34,3018
DA:35,3018
DA:37,0
DA:44,0
FN:44,SignatureChecker.isValidSignatureNowCalldata
FNDA:0,SignatureChecker.isValidSignatureNowCalldata
DA:49,0
BRDA:49,1,0,-
BRDA:49,1,1,-
DA:50,0
DA:51,0
DA:53,0
DA:64,0
FN:64,SignatureChecker.isValidERC1271SignatureNow
FNDA:0,SignatureChecker.isValidERC1271SignatureNow
DA:69,0
DA:70,0
DA:79,0
DA:80,0
DA:81,0
DA:82,0
DA:83,0
DA:85,0
DA:86,0
DA:90,0
FN:90,SignatureChecker.isValidERC1271SignatureNowCalldata
FNDA:0,SignatureChecker.isValidERC1271SignatureNowCalldata
DA:95,0
DA:96,0
DA:105,0
DA:106,0
DA:107,0
DA:108,0
DA:109,0
DA:110,0
DA:112,0
DA:113,0
DA:132,0
FN:132,SignatureChecker.isValidSignatureNow.1
FNDA:0,SignatureChecker.isValidSignatureNow.1
DA:137,0
BRDA:137,2,0,-
BRDA:137,2,1,-
DA:138,0
DA:139,0
BRDA:139,3,0,-
BRDA:139,3,1,-
DA:140,0
DA:142,0
DA:145,0
DA:161,0
FN:161,SignatureChecker.areValidSignaturesNow
FNDA:0,SignatureChecker.areValidSignaturesNow
DA:166,0
BRDA:166,4,0,-
DA:168,0
DA:170,0
DA:171,0
DA:174,0
BRDA:174,5,0,-
DA:176,0
DA:178,0
BRDA:178,6,0,-
BRDA:178,6,1,-
DA:179,0
DA:183,0
DA:184,0
BRDA:184,7,0,-
DA:189,0
FNF:6
FNH:1
LF:50
LH:4
BRF:13
BRH:2
end_of_record
TN:
SF:lib/openzeppelin-contracts/contracts/utils/introspection/ERC165.sol
DA:22,0
FN:22,ERC165.supportsInterface
FNDA:0,ERC165.supportsInterface
DA:23,0
FNF:1
FNH:0
LF:2
LH:0
BRF:0
BRH:0
end_of_record
TN:
SF:lib/openzeppelin-contracts/contracts/utils/math/Math.sol
DA:25,0
FN:25,Math.add512
FNDA:0,Math.add512
DA:27,0
DA:28,0
DA:37,101581
FN:37,Math.mul512
FNDA:101581,Math.mul512
DA:42,0
DA:43,0
DA:44,0
DA:51,0
FN:51,Math.tryAdd
FNDA:0,Math.tryAdd
DA:53,0
DA:54,0
DA:55,0
DA:62,0
FN:62,Math.trySub
FNDA:0,Math.trySub
DA:64,0
DA:65,0
DA:66,0
DA:73,0
FN:73,Math.tryMul
FNDA:0,Math.tryMul
DA:75,0
DA:79,0
DA:82,0
DA:89,0
FN:89,Math.tryDiv
FNDA:0,Math.tryDiv
DA:91,0
DA:94,0
DA:102,0
FN:102,Math.tryMod
FNDA:0,Math.tryMod
DA:104,0
DA:107,0
DA:115,0
FN:115,Math.saturatingAdd
FNDA:0,Math.saturatingAdd
DA:116,0
DA:117,0
DA:123,0
FN:123,Math.saturatingSub
FNDA:0,Math.saturatingSub
DA:124,0
DA:125,0
DA:131,0
FN:131,Math.saturatingMul
FNDA:0,Math.saturatingMul
DA:132,0
DA:133,0
DA:143,127702
FN:143,Math.ternary
FNDA:127702,Math.ternary
DA:148,127702
DA:155,1006
FN:155,Math.max
FNDA:1006,Math.max
DA:156,1006
DA:162,126696
FN:162,Math.min
FNDA:126696,Math.min
DA:163,126696
DA:170,54019
FN:170,Math.average
FNDA:54019,Math.average
DA:173,54019
DA:183,0
FN:183,Math.ceilDiv
FNDA:0,Math.ceilDiv
DA:184,0
BRDA:184,0,0,-
DA:186,0
DA:195,0
DA:206,101581
FN:206,Math.mulDiv.0
FNDA:101581,Math.mulDiv.0
DA:208,101581
DA:211,101581
BRDA:211,1,0,101581
DA:215,101581
DA:219,0
BRDA:219,2,0,-
DA:220,0
DA:228,0
DA:231,0
DA:234,0
DA:235,0
DA:241,0
DA:244,0
DA:247,0
DA:250,0
DA:254,0
DA:259,0
DA:263,0
DA:264,0
DA:265,0
DA:266,0
DA:267,0
DA:268,0
DA:274,0
DA:275,0
DA:282,10993
FN:282,Math.mulDiv.1
FNDA:10993,Math.mulDiv.1
DA:283,10993
DA:289,0
FN:289,Math.mulShr.0
FNDA:0,Math.mulShr.0
DA:291,0
DA:292,0
BRDA:292,3,0,-
DA:293,0
DA:295,0
DA:302,0
FN:302,Math.mulShr.1
FNDA:0,Math.mulShr.1
DA:303,0
DA:317,0
FN:317,Math.invMod
FNDA:0,Math.invMod
DA:319,0
BRDA:319,4,0,-
DA:329,0
DA:330,0
DA:335,0
DA:336,0
DA:338,0
DA:339,0
DA:341,0
DA:350,0
DA:360,0
BRDA:360,5,0,-
DA:361,0
DA:374,0
FN:374,Math.invModPrime
FNDA:0,Math.invModPrime
DA:376,0
DA:393,0
FN:393,Math.modExp.0
FNDA:0,Math.modExp.0
DA:394,0
DA:395,0
BRDA:395,6,0,-
DA:396,0
DA:398,0
DA:411,0
FN:411,Math.tryModExp.0
FNDA:0,Math.tryModExp.0
DA:412,0
BRDA:412,7,0,-
DA:414,0
DA:423,0
DA:424,0
DA:425,0
DA:426,0
DA:427,0
DA:428,0
DA:432,0
DA:433,0
DA:440,0
FN:440,Math.modExp.1
FNDA:0,Math.modExp.1
DA:441,0
DA:442,0
BRDA:442,8,0,-
DA:443,0
DA:445,0
DA:451,0
FN:451,Math.tryModExp.1
FNDA:0,Math.tryModExp.1
DA:456,0
BRDA:456,9,0,-
DA:458,0
DA:461,0
DA:464,0
DA:466,0
DA:469,0
DA:471,0
DA:478,0
FN:478,Math._zeroBytes
FNDA:0,Math._zeroBytes
DA:479,0
DA:480,0
DA:483,0
DA:485,0
BRDA:485,10,0,-
DA:486,0
DA:489,0
DA:499,0
FN:499,Math.sqrt.0
FNDA:0,Math.sqrt.0
DA:502,0
BRDA:502,11,0,-
DA:503,0
DA:518,0
DA:519,0
DA:521,0
BRDA:521,12,0,-
DA:522,0
DA:523,0
DA:525,0
BRDA:525,13,0,-
DA:526,0
DA:527,0
DA:529,0
BRDA:529,14,0,-
DA:530,0
DA:531,0
DA:533,0
BRDA:533,15,0,-
DA:534,0
DA:535,0
DA:537,0
BRDA:537,16,0,-
DA:538,0
DA:539,0
DA:541,0
BRDA:541,17,0,-
DA:542,0
DA:543,0
DA:545,0
BRDA:545,18,0,-
DA:546,0
DA:554,0
DA:591,0
DA:592,0
DA:593,0
DA:594,0
DA:595,0
DA:596,0
DA:601,0
DA:608,0
FN:608,Math.sqrt.1
FNDA:0,Math.sqrt.1
DA:610,0
DA:611,0
DA:619,0
FN:619,Math.log2.0
FNDA:0,Math.log2.0
DA:621,0
DA:623,0
DA:625,0
DA:627,0
DA:629,0
DA:631,0
DA:656,0
DA:664,0
FN:664,Math.log2.1
FNDA:0,Math.log2.1
DA:666,0
DA:667,0
DA:675,8
FN:675,Math.log10.0
FNDA:8,Math.log10.0
DA:676,8
DA:678,8
BRDA:678,19,0,0
DA:679,0
DA:680,0
DA:682,8
BRDA:682,20,0,0
DA:683,0
DA:684,0
DA:686,8
BRDA:686,21,0,2
DA:687,2
DA:688,2
DA:690,8
BRDA:690,22,0,0
DA:691,0
DA:692,0
DA:694,8
BRDA:694,23,0,4
DA:695,4
DA:696,4
DA:698,8
BRDA:698,24,0,6
DA:699,6
DA:700,6
DA:702,8
BRDA:702,25,0,0
DA:703,0
DA:706,0
DA:713,0
FN:713,Math.log10.1
FNDA:0,Math.log10.1
DA:715,0
DA:716,0
DA:726,0
FN:726,Math.log256.0
FNDA:0,Math.log256.0
DA:728,0
DA:730,0
DA:732,0
DA:734,0
DA:736,0
DA:743,0
FN:743,Math.log256.1
FNDA:0,Math.log256.1
DA:745,0
DA:746,0
DA:753,10993
FN:753,Math.unsignedRoundsUp
FNDA:10993,Math.unsignedRoundsUp
DA:754,10993
DA:760,0
FN:760,Math.clz
FNDA:0,Math.clz
DA:761,0
FNF:36
FNH:9
LF:215
LH:32
BRF:26
BRH:4
end_of_record
TN:
SF:lib/openzeppelin-contracts/contracts/utils/math/SafeCast.sol
DA:50,0
FN:50,SafeCast.toUint248
FNDA:0,SafeCast.toUint248
DA:51,0
BRDA:51,0,0,-
DA:52,0
DA:54,0
DA:67,0
FN:67,SafeCast.toUint240
FNDA:0,SafeCast.toUint240
DA:68,0
BRDA:68,1,0,-
DA:69,0
DA:71,0
DA:84,0
FN:84,SafeCast.toUint232
FNDA:0,SafeCast.toUint232
DA:85,0
BRDA:85,2,0,-
DA:86,0
DA:88,0
DA:101,0
FN:101,SafeCast.toUint224
FNDA:0,SafeCast.toUint224
DA:102,0
BRDA:102,3,0,-
DA:103,0
DA:105,0
DA:118,0
FN:118,SafeCast.toUint216
FNDA:0,SafeCast.toUint216
DA:119,0
BRDA:119,4,0,-
DA:120,0
DA:122,0
DA:135,0
FN:135,SafeCast.toUint208
FNDA:0,SafeCast.toUint208
DA:136,0
BRDA:136,5,0,-
DA:137,0
DA:139,0
DA:152,0
FN:152,SafeCast.toUint200
FNDA:0,SafeCast.toUint200
DA:153,0
BRDA:153,6,0,-
DA:154,0
DA:156,0
DA:169,0
FN:169,SafeCast.toUint192
FNDA:0,SafeCast.toUint192
DA:170,0
BRDA:170,7,0,-
DA:171,0
DA:173,0
DA:186,0
FN:186,SafeCast.toUint184
FNDA:0,SafeCast.toUint184
DA:187,0
BRDA:187,8,0,-
DA:188,0
DA:190,0
DA:203,0
FN:203,SafeCast.toUint176
FNDA:0,SafeCast.toUint176
DA:204,0
BRDA:204,9,0,-
DA:205,0
DA:207,0
DA:220,0
FN:220,SafeCast.toUint168
FNDA:0,SafeCast.toUint168
DA:221,0
BRDA:221,10,0,-
DA:222,0
DA:224,0
DA:237,0
FN:237,SafeCast.toUint160
FNDA:0,SafeCast.toUint160
DA:238,0
BRDA:238,11,0,-
DA:239,0
DA:241,0
DA:254,0
FN:254,SafeCast.toUint152
FNDA:0,SafeCast.toUint152
DA:255,0
BRDA:255,12,0,-
DA:256,0
DA:258,0
DA:271,0
FN:271,SafeCast.toUint144
FNDA:0,SafeCast.toUint144
DA:272,0
BRDA:272,13,0,-
DA:273,0
DA:275,0
DA:288,0
FN:288,SafeCast.toUint136
FNDA:0,SafeCast.toUint136
DA:289,0
BRDA:289,14,0,-
DA:290,0
DA:292,0
DA:305,10344
FN:305,SafeCast.toUint128
FNDA:10344,SafeCast.toUint128
DA:306,10344
BRDA:306,15,0,0
DA:307,0
DA:309,10344
DA:322,0
FN:322,SafeCast.toUint120
FNDA:0,SafeCast.toUint120
DA:323,0
BRDA:323,16,0,-
DA:324,0
DA:326,0
DA:339,0
FN:339,SafeCast.toUint112
FNDA:0,SafeCast.toUint112
DA:340,0
BRDA:340,17,0,-
DA:341,0
DA:343,0
DA:356,0
FN:356,SafeCast.toUint104
FNDA:0,SafeCast.toUint104
DA:357,0
BRDA:357,18,0,-
DA:358,0
DA:360,0
DA:373,0
FN:373,SafeCast.toUint96
FNDA:0,SafeCast.toUint96
DA:374,0
BRDA:374,19,0,-
DA:375,0
DA:377,0
DA:390,0
FN:390,SafeCast.toUint88
FNDA:0,SafeCast.toUint88
DA:391,0
BRDA:391,20,0,-
DA:392,0
DA:394,0
DA:407,0
FN:407,SafeCast.toUint80
FNDA:0,SafeCast.toUint80
DA:408,0
BRDA:408,21,0,-
DA:409,0
DA:411,0
DA:424,0
FN:424,SafeCast.toUint72
FNDA:0,SafeCast.toUint72
DA:425,0
BRDA:425,22,0,-
DA:426,0
DA:428,0
DA:441,0
FN:441,SafeCast.toUint64
FNDA:0,SafeCast.toUint64
DA:442,0
BRDA:442,23,0,-
DA:443,0
DA:445,0
DA:458,0
FN:458,SafeCast.toUint56
FNDA:0,SafeCast.toUint56
DA:459,0
BRDA:459,24,0,-
DA:460,0
DA:462,0
DA:475,532665
FN:475,SafeCast.toUint48
FNDA:532665,SafeCast.toUint48
DA:476,532665
BRDA:476,25,0,0
DA:477,0
DA:479,532665
DA:492,0
FN:492,SafeCast.toUint40
FNDA:0,SafeCast.toUint40
DA:493,0
BRDA:493,26,0,-
DA:494,0
DA:496,0
DA:509,6027
FN:509,SafeCast.toUint32
FNDA:6027,SafeCast.toUint32
DA:510,6027
BRDA:510,27,0,0
DA:511,0
DA:513,6027
DA:526,0
FN:526,SafeCast.toUint24
FNDA:0,SafeCast.toUint24
DA:527,0
BRDA:527,28,0,-
DA:528,0
DA:530,0
DA:543,4801
FN:543,SafeCast.toUint16
FNDA:4801,SafeCast.toUint16
DA:544,4801
BRDA:544,29,0,0
DA:545,0
DA:547,4801
DA:560,0
FN:560,SafeCast.toUint8
FNDA:0,SafeCast.toUint8
DA:561,0
BRDA:561,30,0,-
DA:562,0
DA:564,0
DA:574,0
FN:574,SafeCast.toUint256
FNDA:0,SafeCast.toUint256
DA:575,0
BRDA:575,31,0,-
DA:576,0
DA:578,0
DA:592,0
FN:592,SafeCast.toInt248
FNDA:0,SafeCast.toInt248
DA:593,0
DA:594,0
BRDA:594,32,0,-
DA:595,0
DA:610,0
FN:610,SafeCast.toInt240
FNDA:0,SafeCast.toInt240
DA:611,0
DA:612,0
BRDA:612,33,0,-
DA:613,0
DA:628,0
FN:628,SafeCast.toInt232
FNDA:0,SafeCast.toInt232
DA:629,0
DA:630,0
BRDA:630,34,0,-
DA:631,0
DA:646,0
FN:646,SafeCast.toInt224
FNDA:0,SafeCast.toInt224
DA:647,0
DA:648,0
BRDA:648,35,0,-
DA:649,0
DA:664,0
FN:664,SafeCast.toInt216
FNDA:0,SafeCast.toInt216
DA:665,0
DA:666,0
BRDA:666,36,0,-
DA:667,0
DA:682,0
FN:682,SafeCast.toInt208
FNDA:0,SafeCast.toInt208
DA:683,0
DA:684,0
BRDA:684,37,0,-
DA:685,0
DA:700,0
FN:700,SafeCast.toInt200
FNDA:0,SafeCast.toInt200
DA:701,0
DA:702,0
BRDA:702,38,0,-
DA:703,0
DA:718,0
FN:718,SafeCast.toInt192
FNDA:0,SafeCast.toInt192
DA:719,0
DA:720,0
BRDA:720,39,0,-
DA:721,0
DA:736,0
FN:736,SafeCast.toInt184
FNDA:0,SafeCast.toInt184
DA:737,0
DA:738,0
BRDA:738,40,0,-
DA:739,0
DA:754,0
FN:754,SafeCast.toInt176
FNDA:0,SafeCast.toInt176
DA:755,0
DA:756,0
BRDA:756,41,0,-
DA:757,0
DA:772,0
FN:772,SafeCast.toInt168
FNDA:0,SafeCast.toInt168
DA:773,0
DA:774,0
BRDA:774,42,0,-
DA:775,0
DA:790,0
FN:790,SafeCast.toInt160
FNDA:0,SafeCast.toInt160
DA:791,0
DA:792,0
BRDA:792,43,0,-
DA:793,0
DA:808,0
FN:808,SafeCast.toInt152
FNDA:0,SafeCast.toInt152
DA:809,0
DA:810,0
BRDA:810,44,0,-
DA:811,0
DA:826,0
FN:826,SafeCast.toInt144
FNDA:0,SafeCast.toInt144
DA:827,0
DA:828,0
BRDA:828,45,0,-
DA:829,0
DA:844,0
FN:844,SafeCast.toInt136
FNDA:0,SafeCast.toInt136
DA:845,0
DA:846,0
BRDA:846,46,0,-
DA:847,0
DA:862,0
FN:862,SafeCast.toInt128
FNDA:0,SafeCast.toInt128
DA:863,0
DA:864,0
BRDA:864,47,0,-
DA:865,0
DA:880,0
FN:880,SafeCast.toInt120
FNDA:0,SafeCast.toInt120
DA:881,0
DA:882,0
BRDA:882,48,0,-
DA:883,0
DA:898,0
FN:898,SafeCast.toInt112
FNDA:0,SafeCast.toInt112
DA:899,0
DA:900,0
BRDA:900,49,0,-
DA:901,0
DA:916,0
FN:916,SafeCast.toInt104
FNDA:0,SafeCast.toInt104
DA:917,0
DA:918,0
BRDA:918,50,0,-
DA:919,0
DA:934,0
FN:934,SafeCast.toInt96
FNDA:0,SafeCast.toInt96
DA:935,0
DA:936,0
BRDA:936,51,0,-
DA:937,0
DA:952,0
FN:952,SafeCast.toInt88
FNDA:0,SafeCast.toInt88
DA:953,0
DA:954,0
BRDA:954,52,0,-
DA:955,0
DA:970,0
FN:970,SafeCast.toInt80
FNDA:0,SafeCast.toInt80
DA:971,0
DA:972,0
BRDA:972,53,0,-
DA:973,0
DA:988,0
FN:988,SafeCast.toInt72
FNDA:0,SafeCast.toInt72
DA:989,0
DA:990,0
BRDA:990,54,0,-
DA:991,0
DA:1006,0
FN:1006,SafeCast.toInt64
FNDA:0,SafeCast.toInt64
DA:1007,0
DA:1008,0
BRDA:1008,55,0,-
DA:1009,0
DA:1024,0
FN:1024,SafeCast.toInt56
FNDA:0,SafeCast.toInt56
DA:1025,0
DA:1026,0
BRDA:1026,56,0,-
DA:1027,0
DA:1042,0
FN:1042,SafeCast.toInt48
FNDA:0,SafeCast.toInt48
DA:1043,0
DA:1044,0
BRDA:1044,57,0,-
DA:1045,0
DA:1060,0
FN:1060,SafeCast.toInt40
FNDA:0,SafeCast.toInt40
DA:1061,0
DA:1062,0
BRDA:1062,58,0,-
DA:1063,0
DA:1078,0
FN:1078,SafeCast.toInt32
FNDA:0,SafeCast.toInt32
DA:1079,0
DA:1080,0
BRDA:1080,59,0,-
DA:1081,0
DA:1096,0
FN:1096,SafeCast.toInt24
FNDA:0,SafeCast.toInt24
DA:1097,0
DA:1098,0
BRDA:1098,60,0,-
DA:1099,0
DA:1114,0
FN:1114,SafeCast.toInt16
FNDA:0,SafeCast.toInt16
DA:1115,0
DA:1116,0
BRDA:1116,61,0,-
DA:1117,0
DA:1132,0
FN:1132,SafeCast.toInt8
FNDA:0,SafeCast.toInt8
DA:1133,0
DA:1134,0
BRDA:1134,62,0,-
DA:1135,0
DA:1146,0
FN:1146,SafeCast.toInt256
FNDA:0,SafeCast.toInt256
DA:1148,0
BRDA:1148,63,0,-
DA:1149,0
DA:1151,0
DA:1157,138695
FN:1157,SafeCast.toUint
FNDA:138695,SafeCast.toUint
DA:1159,0
FNF:65
FNH:5
LF:258
LH:13
BRF:64
BRH:0
end_of_record
TN:
SF:lib/openzeppelin-contracts/contracts/utils/math/SignedMath.sol
DA:19,0
FN:19,SignedMath.ternary
FNDA:0,SignedMath.ternary
DA:24,0
DA:31,0
FN:31,SignedMath.max
FNDA:0,SignedMath.max
DA:32,0
DA:38,0
FN:38,SignedMath.min
FNDA:0,SignedMath.min
DA:39,0
DA:46,0
FN:46,SignedMath.average
FNDA:0,SignedMath.average
DA:48,0
DA:49,0
DA:55,0
FN:55,SignedMath.abs
FNDA:0,SignedMath.abs
DA:62,0
DA:65,0
FNF:5
FNH:0
LF:12
LH:0
BRF:0
BRH:0
end_of_record
TN:
SF:lib/openzeppelin-contracts/contracts/utils/structs/Checkpoints.sol
DA:39,310968
FN:39,Checkpoints.push.0
FNDA:310968,Checkpoints.push.0
DA:44,310968
DA:51,0
FN:51,Checkpoints.lowerLookup.0
FNDA:0,Checkpoints.lowerLookup.0
DA:52,0
DA:53,0
DA:54,0
DA:61,0
FN:61,Checkpoints.upperLookup.0
FNDA:0,Checkpoints.upperLookup.0
DA:62,0
DA:63,0
DA:64,0
DA:74,57069
FN:74,Checkpoints.upperLookupRecent.0
FNDA:57069,Checkpoints.upperLookupRecent.0
DA:75,57069
DA:77,57069
DA:78,57069
DA:80,57069
BRDA:80,0,0,0
DA:81,0
DA:82,0
BRDA:82,1,0,-
BRDA:82,1,1,-
DA:83,0
DA:85,0
DA:89,57069
DA:91,57069
DA:97,0
FN:97,Checkpoints.latest.0
FNDA:0,Checkpoints.latest.0
DA:98,0
DA:99,0
DA:106,0
FN:106,Checkpoints.latestCheckpoint.0
FNDA:0,Checkpoints.latestCheckpoint.0
DA:107,0
DA:108,0
BRDA:108,2,0,-
BRDA:108,2,1,-
DA:109,0
DA:111,0
DA:112,0
DA:119,0
FN:119,Checkpoints.length.0
FNDA:0,Checkpoints.length.0
DA:120,0
DA:126,0
FN:126,Checkpoints.at.0
FNDA:0,Checkpoints.at.0
DA:127,0
DA:134,310968
FN:134,Checkpoints._insert.0
FNDA:310968,Checkpoints._insert.0
DA:139,310968
DA:141,310968
BRDA:141,3,0,262631
BRDA:141,3,1,59129
DA:142,262631
DA:143,262631
DA:144,262631
DA:147,262631
BRDA:147,4,0,0
DA:148,0
DA:152,262631
BRDA:152,5,0,203502
BRDA:152,5,1,59129
DA:153,203502
DA:155,59129
DA:157,262631
DA:159,48337
DA:160,48337
DA:171,57069
FN:171,Checkpoints._upperBinaryLookup.0
FNDA:57069,Checkpoints._upperBinaryLookup.0
DA:177,111088
DA:178,54019
DA:179,54019
BRDA:179,6,0,9012
BRDA:179,6,1,45007
DA:180,9012
DA:182,45007
DA:185,0
DA:195,0
FN:195,Checkpoints._lowerBinaryLookup.0
FNDA:0,Checkpoints._lowerBinaryLookup.0
DA:201,0
DA:202,0
DA:203,0
BRDA:203,7,0,-
BRDA:203,7,1,-
DA:204,0
DA:206,0
DA:209,0
DA:215,361656
FN:215,Checkpoints._unsafeAccess.0
FNDA:361656,Checkpoints._unsafeAccess.0
DA:220,0
DA:221,0
DA:242,0
FN:242,Checkpoints.push.1
FNDA:0,Checkpoints.push.1
DA:247,0
DA:254,0
FN:254,Checkpoints.lowerLookup.1
FNDA:0,Checkpoints.lowerLookup.1
DA:255,0
DA:256,0
DA:257,0
DA:264,0
FN:264,Checkpoints.upperLookup.1
FNDA:0,Checkpoints.upperLookup.1
DA:265,0
DA:266,0
DA:267,0
DA:277,0
FN:277,Checkpoints.upperLookupRecent.1
FNDA:0,Checkpoints.upperLookupRecent.1
DA:278,0
DA:280,0
DA:281,0
DA:283,0
BRDA:283,8,0,-
DA:284,0
DA:285,0
BRDA:285,9,0,-
BRDA:285,9,1,-
DA:286,0
DA:288,0
DA:292,0
DA:294,0
DA:300,0
FN:300,Checkpoints.latest.1
FNDA:0,Checkpoints.latest.1
DA:301,0
DA:302,0
DA:309,0
FN:309,Checkpoints.latestCheckpoint.1
FNDA:0,Checkpoints.latestCheckpoint.1
DA:310,0
DA:311,0
BRDA:311,10,0,-
BRDA:311,10,1,-
DA:312,0
DA:314,0
DA:315,0
DA:322,0
FN:322,Checkpoints.length.1
FNDA:0,Checkpoints.length.1
DA:323,0
DA:329,0
FN:329,Checkpoints.at.1
FNDA:0,Checkpoints.at.1
DA:330,0
DA:337,0
FN:337,Checkpoints._insert.1
FNDA:0,Checkpoints._insert.1
DA:342,0
DA:344,0
BRDA:344,11,0,-
BRDA:344,11,1,-
DA:345,0
DA:346,0
DA:347,0
DA:350,0
BRDA:350,12,0,-
DA:351,0
DA:355,0
BRDA:355,13,0,-
BRDA:355,13,1,-
DA:356,0
DA:358,0
DA:360,0
DA:362,0
DA:363,0
DA:374,0
FN:374,Checkpoints._upperBinaryLookup.1
FNDA:0,Checkpoints._upperBinaryLookup.1
DA:380,0
DA:381,0
DA:382,0
BRDA:382,14,0,-
BRDA:382,14,1,-
DA:383,0
DA:385,0
DA:388,0
DA:398,0
FN:398,Checkpoints._lowerBinaryLookup.1
FNDA:0,Checkpoints._lowerBinaryLookup.1
DA:404,0
DA:405,0
DA:406,0
BRDA:406,15,0,-
BRDA:406,15,1,-
DA:407,0
DA:409,0
DA:412,0
DA:418,0
FN:418,Checkpoints._unsafeAccess.1
FNDA:0,Checkpoints._unsafeAccess.1
DA:423,0
DA:424,0
DA:445,0
FN:445,Checkpoints.push.2
FNDA:0,Checkpoints.push.2
DA:450,0
DA:457,0
FN:457,Checkpoints.lowerLookup.2
FNDA:0,Checkpoints.lowerLookup.2
DA:458,0
DA:459,0
DA:460,0
DA:467,0
FN:467,Checkpoints.upperLookup.2
FNDA:0,Checkpoints.upperLookup.2
DA:468,0
DA:469,0
DA:470,0
DA:480,0
FN:480,Checkpoints.upperLookupRecent.2
FNDA:0,Checkpoints.upperLookupRecent.2
DA:481,0
DA:483,0
DA:484,0
DA:486,0
BRDA:486,16,0,-
DA:487,0
DA:488,0
BRDA:488,17,0,-
BRDA:488,17,1,-
DA:489,0
DA:491,0
DA:495,0
DA:497,0
DA:503,0
FN:503,Checkpoints.latest.2
FNDA:0,Checkpoints.latest.2
DA:504,0
DA:505,0
DA:512,0
FN:512,Checkpoints.latestCheckpoint.2
FNDA:0,Checkpoints.latestCheckpoint.2
DA:513,0
DA:514,0
BRDA:514,18,0,-
BRDA:514,18,1,-
DA:515,0
DA:517,0
DA:518,0
DA:525,0
FN:525,Checkpoints.length.2
FNDA:0,Checkpoints.length.2
DA:526,0
DA:532,0
FN:532,Checkpoints.at.2
FNDA:0,Checkpoints.at.2
DA:533,0
DA:540,0
FN:540,Checkpoints._insert.2
FNDA:0,Checkpoints._insert.2
DA:545,0
DA:547,0
BRDA:547,19,0,-
BRDA:547,19,1,-
DA:548,0
DA:549,0
DA:550,0
DA:553,0
BRDA:553,20,0,-
DA:554,0
DA:558,0
BRDA:558,21,0,-
BRDA:558,21,1,-
DA:559,0
DA:561,0
DA:563,0
DA:565,0
DA:566,0
DA:577,0
FN:577,Checkpoints._upperBinaryLookup.2
FNDA:0,Checkpoints._upperBinaryLookup.2
DA:583,0
DA:584,0
DA:585,0
BRDA:585,22,0,-
BRDA:585,22,1,-
DA:586,0
DA:588,0
DA:591,0
DA:601,0
FN:601,Checkpoints._lowerBinaryLookup.2
FNDA:0,Checkpoints._lowerBinaryLookup.2
DA:607,0
DA:608,0
DA:609,0
BRDA:609,23,0,-
BRDA:609,23,1,-
DA:610,0
DA:612,0
DA:615,0
DA:621,0
FN:621,Checkpoints._unsafeAccess.2
FNDA:0,Checkpoints._unsafeAccess.2
DA:626,0
DA:627,0
DA:648,0
FN:648,Checkpoints.push.3
FNDA:0,Checkpoints.push.3
DA:653,0
DA:660,0
FN:660,Checkpoints.lowerLookup.3
FNDA:0,Checkpoints.lowerLookup.3
DA:661,0
DA:662,0
DA:663,0
DA:670,0
FN:670,Checkpoints.upperLookup.3
FNDA:0,Checkpoints.upperLookup.3
DA:671,0
DA:672,0
DA:673,0
DA:683,0
FN:683,Checkpoints.upperLookupRecent.3
FNDA:0,Checkpoints.upperLookupRecent.3
DA:684,0
DA:686,0
DA:687,0
DA:689,0
BRDA:689,24,0,-
DA:690,0
DA:691,0
BRDA:691,25,0,-
BRDA:691,25,1,-
DA:692,0
DA:694,0
DA:698,0
DA:700,0
DA:706,0
FN:706,Checkpoints.latest.3
FNDA:0,Checkpoints.latest.3
DA:707,0
DA:708,0
DA:715,0
FN:715,Checkpoints.latestCheckpoint.3
FNDA:0,Checkpoints.latestCheckpoint.3
DA:716,0
DA:717,0
BRDA:717,26,0,-
BRDA:717,26,1,-
DA:718,0
DA:720,0
DA:721,0
DA:728,0
FN:728,Checkpoints.length.3
FNDA:0,Checkpoints.length.3
DA:729,0
DA:735,0
FN:735,Checkpoints.at.3
FNDA:0,Checkpoints.at.3
DA:736,0
DA:743,0
FN:743,Checkpoints._insert.3
FNDA:0,Checkpoints._insert.3
DA:748,0
DA:750,0
BRDA:750,27,0,-
BRDA:750,27,1,-
DA:751,0
DA:752,0
DA:753,0
DA:756,0
BRDA:756,28,0,-
DA:757,0
DA:761,0
BRDA:761,29,0,-
BRDA:761,29,1,-
DA:762,0
DA:764,0
DA:766,0
DA:768,0
DA:769,0
DA:780,0
FN:780,Checkpoints._upperBinaryLookup.3
FNDA:0,Checkpoints._upperBinaryLookup.3
DA:786,0
DA:787,0
DA:788,0
BRDA:788,30,0,-
BRDA:788,30,1,-
DA:789,0
DA:791,0
DA:794,0
DA:804,0
FN:804,Checkpoints._lowerBinaryLookup.3
FNDA:0,Checkpoints._lowerBinaryLookup.3
DA:810,0
DA:811,0
DA:812,0
BRDA:812,31,0,-
BRDA:812,31,1,-
DA:813,0
DA:815,0
DA:818,0
DA:824,0
FN:824,Checkpoints._unsafeAccess.3
FNDA:0,Checkpoints._unsafeAccess.3
DA:829,0
DA:830,0
FNF:48
FNH:5
LF:260
LH:29
BRF:56
BRH:6
end_of_record
TN:
SF:lib/openzeppelin-contracts/contracts/utils/structs/DoubleEndedQueue.sol
DA:40,0
FN:40,DoubleEndedQueue.pushBack
FNDA:0,DoubleEndedQueue.pushBack
DA:41,0
DA:42,0
BRDA:42,0,0,-
DA:50,0
FN:50,DoubleEndedQueue.tryPushBack
FNDA:0,DoubleEndedQueue.tryPushBack
DA:52,0
DA:53,0
BRDA:53,1,0,-
DA:54,0
DA:55,0
DA:56,0
DA:65,0
FN:65,DoubleEndedQueue.popBack
FNDA:0,DoubleEndedQueue.popBack
DA:66,0
DA:67,0
BRDA:67,2,0,-
DA:68,0
DA:76,0
FN:76,DoubleEndedQueue.tryPopBack
FNDA:0,DoubleEndedQueue.tryPopBack
DA:78,0
DA:79,0
BRDA:79,3,0,-
DA:80,0
DA:81,0
DA:82,0
DA:84,0
DA:93,0
FN:93,DoubleEndedQueue.pushFront
FNDA:0,DoubleEndedQueue.pushFront
DA:94,0
DA:95,0
BRDA:95,4,0,-
DA:103,0
FN:103,DoubleEndedQueue.tryPushFront
FNDA:0,DoubleEndedQueue.tryPushFront
DA:105,0
DA:106,0
BRDA:106,5,0,-
DA:107,0
DA:108,0
DA:109,0
DA:118,0
FN:118,DoubleEndedQueue.popFront
FNDA:0,DoubleEndedQueue.popFront
DA:119,0
DA:120,0
BRDA:120,6,0,-
DA:121,0
DA:130,0
FN:130,DoubleEndedQueue.tryPopFront
FNDA:0,DoubleEndedQueue.tryPopFront
DA:132,0
DA:133,0
BRDA:133,7,0,-
DA:134,0
DA:135,0
DA:137,0
DA:146,0
FN:146,DoubleEndedQueue.front
FNDA:0,DoubleEndedQueue.front
DA:147,0
DA:148,0
BRDA:148,8,0,-
DA:149,0
DA:157,0
FN:157,DoubleEndedQueue.tryFront
FNDA:0,DoubleEndedQueue.tryFront
DA:158,0
BRDA:158,9,0,-
DA:159,0
DA:167,0
FN:167,DoubleEndedQueue.back
FNDA:0,DoubleEndedQueue.back
DA:168,0
DA:169,0
BRDA:169,10,0,-
DA:170,0
DA:178,0
FN:178,DoubleEndedQueue.tryBack
FNDA:0,DoubleEndedQueue.tryBack
DA:179,0
BRDA:179,11,0,-
DA:181,0
DA:191,0
FN:191,DoubleEndedQueue.at
FNDA:0,DoubleEndedQueue.at
DA:192,0
DA:193,0
BRDA:193,12,0,-
DA:194,0
DA:203,0
FN:203,DoubleEndedQueue.tryAt
FNDA:0,DoubleEndedQueue.tryAt
DA:204,0
BRDA:204,13,0,-
DA:207,0
DA:217,0
FN:217,DoubleEndedQueue.clear
FNDA:0,DoubleEndedQueue.clear
DA:218,0
DA:219,0
DA:225,0
FN:225,DoubleEndedQueue.length
FNDA:0,DoubleEndedQueue.length
DA:227,0
DA:234,115
FN:234,DoubleEndedQueue.empty
FNDA:115,DoubleEndedQueue.empty
DA:235,115
FNF:17
FNH:1
LF:67
LH:2
BRF:14
BRH:0
end_of_record
TN:
SF:lib/openzeppelin-contracts/contracts/utils/structs/EnumerableSet.sol
DA:75,42
FN:75,EnumerableSet._add
FNDA:42,EnumerableSet._add
DA:76,42
BRDA:76,0,0,42
BRDA:76,0,1,0
DA:77,42
DA:80,42
DA:81,42
DA:83,0
DA:93,4
FN:93,EnumerableSet._remove
FNDA:4,EnumerableSet._remove
DA:95,4
DA:97,4
BRDA:97,1,0,4
BRDA:97,1,1,0
DA:103,4
DA:104,4
DA:106,4
BRDA:106,2,0,0
DA:107,0
DA:110,0
DA:112,0
DA:116,4
DA:121,4
DA:123,0
DA:134,0
FN:134,EnumerableSet._clear
FNDA:0,EnumerableSet._clear
DA:135,0
DA:136,0
DA:139,0
DA:145,55
FN:145,EnumerableSet._contains
FNDA:55,EnumerableSet._contains
DA:146,55
DA:152,2
FN:152,EnumerableSet._length
FNDA:2,EnumerableSet._length
DA:153,2
DA:166,1
FN:166,EnumerableSet._at
FNDA:1,EnumerableSet._at
DA:167,1
DA:178,0
FN:178,EnumerableSet._values.0
FNDA:0,EnumerableSet._values.0
DA:179,0
DA:190,0
FN:190,EnumerableSet._values.1
FNDA:0,EnumerableSet._values.1
DA:192,0
DA:193,0
DA:195,0
DA:196,0
DA:197,0
DA:198,0
DA:200,0
DA:216,0
FN:216,EnumerableSet.add.0
FNDA:0,EnumerableSet.add.0
DA:217,0
DA:226,0
FN:226,EnumerableSet.remove.0
FNDA:0,EnumerableSet.remove.0
DA:227,0
DA:236,0
FN:236,EnumerableSet.clear.0
[...]
FNDA:35269,ProjectRouterV2._activeVersion
DA:1017,35269
DA:1018,35269
BRDA:1018,99,0,0
DA:1021,12365
FN:1021,ProjectRouterV2._requireAction
FNDA:12365,ProjectRouterV2._requireAction
DA:1022,12365
DA:1023,12365
BRDA:1023,100,0,0
DA:1024,12365
BRDA:1024,101,0,0
DA:1027,223620
FN:1027,ProjectRouterV2._measuredBalance
FNDA:223620,ProjectRouterV2._measuredBalance
DA:1028,223620
DA:1029,223620
DA:1032,94731
FN:1032,ProjectRouterV2._validateAsset
FNDA:94731,ProjectRouterV2._validateAsset
DA:1033,94731
BRDA:1033,102,0,0
DA:1036,36232
FN:1036,ProjectRouterV2._validateErc20
FNDA:36232,ProjectRouterV2._validateErc20
DA:1037,36232
BRDA:1037,103,0,0
FNF:52
FNH:46
LF:452
LH:390
BRF:112
BRH:34
end_of_record
TN:
SF:src/staking/ProjectPoSNFT.sol
DA:27,51
FN:27,ProjectPoSNFT.constructor
FNDA:51,ProjectPoSNFT.constructor
DA:30,51
BRDA:30,0,0,0
DA:31,0
DA:33,51
DA:34,51
DA:35,51
DA:38,5699
FN:38,ProjectPoSNFT.onlyPool
FNDA:5699,ProjectPoSNFT.onlyPool
DA:39,5699
BRDA:39,1,0,1
DA:43,24918
FN:43,ProjectPoSNFT.safeMint
FNDA:24918,ProjectPoSNFT.safeMint
DA:44,24918
DA:47,5698
FN:47,ProjectPoSNFT.burn
FNDA:5698,ProjectPoSNFT.burn
DA:48,5698
DA:51,5699
FN:51,ProjectPoSNFT.isApprovedOrOwner
FNDA:5699,ProjectPoSNFT.isApprovedOrOwner
DA:52,5699
DA:53,5699
DA:57,2
FN:57,ProjectPoSNFT.tokenURI
FNDA:2,ProjectPoSNFT.tokenURI
DA:58,2
DA:59,2
DA:60,2
DA:61,2
DA:63,2
DA:80,2
DA:83,40205
FN:83,ProjectPoSNFT._update
FNDA:40205,ProjectPoSNFT._update
DA:88,40205
BRDA:88,2,0,2
DA:89,2
DA:92,40203
DA:93,40203
BRDA:93,3,0,9587
DA:94,9587
FNF:7
FNH:7
LF:28
LH:27
BRF:4
BRH:3
end_of_record
TN:
SF:src/staking/ProjectStakingPoolV2.sol
DA:113,54
FN:113,ProjectStakingPoolV2.constructor
FNDA:54,ProjectStakingPoolV2.constructor
DA:121,54
BRDA:121,0,0,0
DA:122,0
DA:124,54
BRDA:124,1,0,0
DA:125,54
BRDA:125,2,0,0
DA:126,0
DA:128,54
BRDA:128,3,0,0
DA:129,0
DA:131,54
BRDA:131,4,0,0
DA:132,54
BRDA:132,5,0,2
DA:133,2
DA:136,52
DA:137,52
DA:139,52
DA:140,51
DA:141,1
BRDA:141,6,0,1
DA:142,1
DA:145,51
DA:146,51
DA:147,51
DA:148,51
DA:149,51
DA:150,51
DA:151,51
DA:153,51
DA:154,51
DA:156,51
DA:168,24921
FN:168,ProjectStakingPoolV2.stake
FNDA:24921,ProjectStakingPoolV2.stake
DA:173,1
BRDA:173,7,0,1
DA:174,24920
BRDA:174,8,0,0
DA:175,24920
DA:177,24919
DA:178,24919
DA:179,24919
DA:180,24919
BRDA:180,9,0,1
DA:182,24918
DA:183,24918
DA:184,24918
DA:187,24918
DA:188,24918
DA:189,24918
DA:190,24918
DA:192,24918
DA:193,24918
DA:197,5699
FN:197,ProjectStakingPoolV2.unstake
FNDA:5699,ProjectStakingPoolV2.unstake
DA:202,5699
BRDA:202,10,0,0
DA:203,0
DA:205,5699
BRDA:205,11,0,0
DA:206,0
DA:209,5699
DA:210,5699
DA:211,5699
DA:212,5699
BRDA:212,12,0,1
DA:213,1
DA:216,5698
DA:218,5698
DA:219,5698
DA:220,5698
DA:221,5698
DA:223,5698
DA:224,5698
DA:225,5698
DA:226,5698
DA:227,5698
DA:228,5698
BRDA:228,13,0,0
DA:229,0
DA:232,5698
DA:236,9588
FN:236,ProjectStakingPoolV2.onPositionTransfer
FNDA:9588,ProjectStakingPoolV2.onPositionTransfer
DA:237,9588
BRDA:237,14,0,1
DA:238,9587
BRDA:238,15,0,0
DA:239,0
DA:241,9587
DA:243,9587
DA:244,9587
BRDA:244,16,0,0
DA:245,9587
DA:246,9587
DA:247,9587
DA:251,7387
FN:251,ProjectStakingPoolV2.recoverSurplus
FNDA:7387,ProjectStakingPoolV2.recoverSurplus
DA:252,7387
DA:253,7387
BRDA:253,17,0,1
DA:254,7386
DA:255,7386
DA:256,7386
DA:257,7386
DA:258,7386
DA:259,7386
BRDA:259,18,0,0
DA:260,0
DA:262,7386
DA:265,2
FN:265,ProjectStakingPoolV2.pauseNewStakes
FNDA:2,ProjectStakingPoolV2.pauseNewStakes
DA:266,2
BRDA:266,19,0,0
DA:267,0
DA:269,0
BRDA:269,20,0,-
DA:270,2
DA:271,2
DA:274,2
FN:274,ProjectStakingPoolV2.resumeNewStakes
FNDA:2,ProjectStakingPoolV2.resumeNewStakes
DA:275,2
BRDA:275,21,0,1
DA:276,1
BRDA:276,22,0,0
DA:277,1
DA:278,1
DA:281,10896
FN:281,ProjectStakingPoolV2.positionData
FNDA:10896,ProjectStakingPoolV2.positionData
DA:286,10896
DA:287,10896
DA:290,6013
FN:290,ProjectStakingPoolV2.balanceOfStake
FNDA:6013,ProjectStakingPoolV2.balanceOfStake
DA:291,6013
DA:294,11022
FN:294,ProjectStakingPoolV2.getPastStake
FNDA:11022,ProjectStakingPoolV2.getPastStake
DA:295,11022
DA:296,11021
BRDA:296,23,0,2
DA:297,11019
DA:300,5
FN:300,ProjectStakingPoolV2.getPastTotalStaked
FNDA:5,ProjectStakingPoolV2.getPastTotalStaked
DA:301,5
DA:302,5
DA:305,1006
FN:305,ProjectStakingPoolV2.getVotes
FNDA:1006,ProjectStakingPoolV2.getVotes
DA:306,1006
DA:309,7018
FN:309,ProjectStakingPoolV2.getPastVotes
FNDA:7018,ProjectStakingPoolV2.getPastVotes
DA:310,7018
DA:313,4
FN:313,ProjectStakingPoolV2.getPastTotalSupply
FNDA:4,ProjectStakingPoolV2.getPastTotalSupply
DA:314,4
DA:317,1
FN:317,ProjectStakingPoolV2.delegates
FNDA:1,ProjectStakingPoolV2.delegates
DA:318,1
DA:321,1
FN:321,ProjectStakingPoolV2.delegate
FNDA:1,ProjectStakingPoolV2.delegate
DA:322,1
DA:325,1
FN:325,ProjectStakingPoolV2.delegateBySig
FNDA:1,ProjectStakingPoolV2.delegateBySig
DA:326,1
DA:329,155408
FN:329,ProjectStakingPoolV2.clock
FNDA:155408,ProjectStakingPoolV2.clock
DA:335,155408
DA:339,12
FN:339,ProjectStakingPoolV2.CLOCK_MODE
FNDA:12,ProjectStakingPoolV2.CLOCK_MODE
DA:340,12
DA:343,0
FN:343,ProjectStakingPoolV2.backingBalance
FNDA:0,ProjectStakingPoolV2.backingBalance
DA:344,0
DA:347,15071
FN:347,ProjectStakingPoolV2.surplusBalance
FNDA:15071,ProjectStakingPoolV2.surplusBalance
DA:348,15071
DA:349,15071
DA:352,1
FN:352,ProjectStakingPoolV2.isSolvent
FNDA:1,ProjectStakingPoolV2.isSolvent
DA:353,1
DA:356,34507
FN:356,ProjectStakingPoolV2._validatePositionRecipient
FNDA:34507,ProjectStakingPoolV2._validatePositionRecipient
DA:358,34507
DA:359,34506
DA:360,1
BRDA:360,24,0,1
DA:361,1
DA:365,34505
FN:365,ProjectStakingPoolV2._increaseOwnerStake
FNDA:34505,ProjectStakingPoolV2._increaseOwnerStake
DA:366,34505
DA:367,34505
DA:368,34505
DA:369,34505
DA:370,34505
DA:373,15285
FN:373,ProjectStakingPoolV2._decreaseOwnerStake
FNDA:15285,ProjectStakingPoolV2._decreaseOwnerStake
DA:374,15285
DA:375,15285
DA:376,15285
DA:377,15285
DA:378,15285
DA:381,24918
FN:381,ProjectStakingPoolV2._increaseTotalStake
FNDA:24918,ProjectStakingPoolV2._increaseTotalStake
DA:382,24918
DA:383,24918
DA:386,5698
FN:386,ProjectStakingPoolV2._decreaseTotalStake
FNDA:5698,ProjectStakingPoolV2._decreaseTotalStake
DA:387,5698
DA:388,5698
DA:391,11027
FN:391,ProjectStakingPoolV2._validatePastTimepoint
FNDA:11027,ProjectStakingPoolV2._validatePastTimepoint
DA:392,11027
DA:393,11027
BRDA:393,25,0,2
FNF:28
FNH:27
LF:160
LH:148
BRF:26
BRH:11
end_of_record
TN:
SF:src/token/ProjectVotesToken.sol
DA:70,307
FN:70,ProjectVotesToken.constructor
FNDA:307,ProjectVotesToken.constructor
DA:78,307
BRDA:78,0,0,1
DA:79,1
DA:81,306
BRDA:81,1,0,1
DA:82,305
BRDA:82,2,0,1
DA:84,304
DA:85,304
DA:86,304
DA:88,304
DA:89,304
DA:90,304
DA:91,304
DA:93,304
DA:94,299
BRDA:94,3,0,1
DA:95,298
DA:97,298
DA:101,211365
FN:101,ProjectVotesToken.clock
FNDA:211365,ProjectVotesToken.clock
DA:102,211365
DA:106,1072
FN:106,ProjectVotesToken.CLOCK_MODE
FNDA:1072,ProjectVotesToken.CLOCK_MODE
DA:107,1072
DA:111,5009
FN:111,ProjectVotesToken.getVotes
FNDA:5009,ProjectVotesToken.getVotes
DA:112,5009
DA:115,32716
FN:115,ProjectVotesToken.getPastVotes
FNDA:32716,ProjectVotesToken.getPastVotes
DA:116,32716
DA:117,32715
BRDA:117,4,0,10056
DA:118,22659
DA:122,23388
FN:122,ProjectVotesToken.getPastTotalSupply
FNDA:23388,ProjectVotesToken.getPastTotalSupply
DA:123,23388
DA:124,23388
DA:127,5006
FN:127,ProjectVotesToken.eligibleVotingSupply
FNDA:5006,ProjectVotesToken.eligibleVotingSupply
DA:128,5006
DA:132,1
FN:132,ProjectVotesToken.delegates
FNDA:1,ProjectVotesToken.delegates
DA:133,1
DA:136,1
FN:136,ProjectVotesToken.delegate
FNDA:1,ProjectVotesToken.delegate
DA:137,1
DA:140,1
FN:140,ProjectVotesToken.delegateBySig
FNDA:1,ProjectVotesToken.delegateBySig
DA:141,1
DA:144,250593
FN:144,ProjectVotesToken.isVotingExcluded
FNDA:250593,ProjectVotesToken.isVotingExcluded
DA:145,250593
DA:150,1
FN:150,ProjectVotesToken.votingExclusionCount
FNDA:1,ProjectVotesToken.votingExclusionCount
DA:151,1
DA:154,5
FN:154,ProjectVotesToken.votingExclusionAt
FNDA:5,ProjectVotesToken.votingExclusionAt
DA:155,5
BRDA:155,5,0,1
DA:156,4
BRDA:156,6,0,1
DA:157,3
BRDA:157,7,0,1
DA:158,2
DA:161,0
FN:161,ProjectVotesToken.additionalVotingExclusions
FNDA:0,ProjectVotesToken.additionalVotingExclusions
DA:162,0
DA:165,115282
FN:165,ProjectVotesToken._update
FNDA:115282,ProjectVotesToken._update
DA:166,115282
DA:167,115282
DA:169,115282
DA:171,115282
DA:172,113869
BRDA:172,8,0,113869
DA:173,115282
BRDA:173,9,0,61929
DA:175,115282
BRDA:175,10,0,54764
DA:176,53352
BRDA:176,11,0,53352
BRDA:176,11,1,1412
DA:177,53352
DA:179,1412
DA:181,54764
DA:185,304
FN:185,ProjectVotesToken._configureAdditionalVotingExclusions
FNDA:304,ProjectVotesToken._configureAdditionalVotingExclusions
DA:186,304
DA:187,304
BRDA:187,12,0,0
DA:188,0
DA:191,304
DA:192,304
DA:193,57
DA:194,57
BRDA:194,13,0,0
DA:195,57
BRDA:195,14,0,1
DA:196,1
DA:198,56
BRDA:198,15,0,1
DA:199,1
DA:201,55
DA:202,55
DA:203,55
DA:204,55
DA:208,302
FN:208,ProjectVotesToken._mintAllocations
FNDA:302,ProjectVotesToken._mintAllocations
DA:212,302
DA:213,302
BRDA:213,16,0,1
DA:215,301
DA:216,414
DA:217,414
BRDA:217,17,0,1
DA:218,1
DA:220,413
DA:221,158
BRDA:221,18,0,1
DA:222,1
DA:225,412
DA:226,412
DA:230,175798
FN:230,ProjectVotesToken._writeVotes
FNDA:175798,ProjectVotesToken._writeVotes
DA:231,175798
DA:232,175798
DA:233,175798
BRDA:233,19,0,174451
DA:234,174451
DA:238,56104
FN:238,ProjectVotesToken._validatePastTimepoint
FNDA:56104,ProjectVotesToken._validatePastTimepoint
DA:239,56104
DA:240,56104
BRDA:240,20,0,2
FNF:19
FNH:18
LF:96
LH:93
BRF:22
BRH:20
end_of_record
TN:
SF:src/treasury/ProjectTreasuryVaultV2.sol
DA:138,1006
FN:138,ProjectTreasuryVaultV2.onlyController
FNDA:1006,ProjectTreasuryVaultV2.onlyController
DA:139,1006
BRDA:139,0,0,0
DA:143,96
FN:143,ProjectTreasuryVaultV2.constructor
FNDA:96,ProjectTreasuryVaultV2.constructor
DA:151,96
BRDA:151,1,0,0
DA:152,96
BRDA:152,2,0,0
DA:153,96
BRDA:153,3,0,0
DA:154,0
DA:156,96
BRDA:156,4,0,1
DA:157,1
DA:161,96
BRDA:161,5,0,0
DA:162,0
DA:165,96
DA:166,96
DA:168,96
DA:169,96
DA:170,0
BRDA:170,6,0,-
DA:171,0
DA:174,96
DA:175,96
DA:176,96
BRDA:176,7,0,96
DA:177,96
DA:178,0
BRDA:178,7,1,-
DA:179,0
DA:181,96
BRDA:181,8,0,96
DA:182,96
DA:183,0
BRDA:183,8,1,-
DA:184,0
DA:186,96
BRDA:186,9,0,1
DA:187,1
DA:190,95
DA:191,95
DA:192,95
DA:193,95
DA:194,95
DA:195,95
DA:196,95
DA:198,95
DA:208,1
FN:208,ProjectTreasuryVaultV2.receive
FNDA:1,ProjectTreasuryVaultV2.receive
DA:209,1
DA:210,1
DA:213,20526
FN:213,ProjectTreasuryVaultV2.depositNative
FNDA:20526,ProjectTreasuryVaultV2.depositNative
DA:214,20526
BRDA:214,10,0,0
DA:215,9600
BRDA:215,11,0,9600
DA:216,10926
DA:217,10926
DA:218,0
BRDA:218,12,0,-
DA:221,54341
FN:221,ProjectTreasuryVaultV2.deposit
FNDA:54341,ProjectTreasuryVaultV2.deposit
DA:222,54341
DA:223,54341
BRDA:223,13,0,0
DA:224,11949
BRDA:224,14,0,11949
DA:225,54340
DA:227,54340
DA:228,54340
DA:229,54340
DA:230,54340
DA:231,54340
DA:232,54340
BRDA:232,15,0,1
DA:234,54339
DA:235,54339
DA:236,11948
BRDA:236,16,0,11948
DA:239,10949
FN:239,ProjectTreasuryVaultV2.syncAsset
FNDA:10949,ProjectTreasuryVaultV2.syncAsset
DA:240,10949
DA:243,10027
FN:243,ProjectTreasuryVaultV2.syncAndReserve
FNDA:10027,ProjectTreasuryVaultV2.syncAndReserve
DA:248,10027
DA:249,10027
DA:250,10027
DA:253,0
FN:253,ProjectTreasuryVaultV2.reserveForBasket
FNDA:0,ProjectTreasuryVaultV2.reserveForBasket
DA:254,0
DA:255,0
BRDA:255,17,0,-
DA:256,0
DA:257,0
BRDA:257,18,0,-
DA:258,0
DA:260,0
DA:261,0
DA:264,35961
FN:264,ProjectTreasuryVaultV2.send
FNDA:35961,ProjectTreasuryVaultV2.send
DA:269,35961
DA:270,35961
DA:271,35961
BRDA:271,19,0,0
DA:272,35961
DA:273,35961
DA:274,35961
BRDA:274,20,0,1
DA:275,1
DA:278,35960
DA:279,35960
BRDA:279,21,0,1
BRDA:279,21,1,0
DA:280,1
DA:281,1
BRDA:281,22,0,1
DA:283,35959
DA:284,35959
DA:285,35959
DA:286,35959
DA:287,35959
DA:288,35959
DA:289,35959
BRDA:289,23,0,0
DA:291,35959
DA:292,35959
DA:293,35959
BRDA:293,24,0,0
DA:295,35959
DA:296,35959
DA:299,1006
FN:299,ProjectTreasuryVaultV2.swap
FNDA:1006,ProjectTreasuryVaultV2.swap
DA:310,1006
DA:311,1006
DA:312,1006
BRDA:312,25,0,0
DA:313,1006
BRDA:313,26,0,0
DA:314,0
DA:316,1006
BRDA:316,27,0,0
DA:317,1006
DA:318,1006
DA:319,1006
DA:320,1006
BRDA:320,28,0,0
DA:321,0
DA:324,1006
DA:325,1006
DA:327,1006
DA:328,1006
DA:329,1
BRDA:329,29,0,1
DA:330,1
DA:333,1005
DA:335,1005
BRDA:335,30,0,0
DA:336,1005
DA:337,1005
BRDA:337,31,0,1
DA:338,1004
DA:340,1004
DA:341,1004
DA:342,1004
DA:344,1004
BRDA:344,32,0,0
BRDA:344,32,1,0
DA:345,0
DA:349,1004
DA:350,1004
DA:351,1004
DA:353,1004
DA:356,1004
DA:357,1004
DA:358,1004
DA:359,1004
BRDA:359,33,0,0
DA:360,1004
DA:361,1004
BRDA:361,34,0,1
DA:362,1
DA:365,1003
DA:366,1003
DA:367,1003
DA:370,1009
FN:370,ProjectTreasuryVaultV2.swapApprovalLeaf
FNDA:1009,ProjectTreasuryVaultV2.swapApprovalLeaf
DA:377,1009
DA:388,1009
DA:393,2
FN:393,ProjectTreasuryVaultV2.isSwapApproved
FNDA:2,ProjectTreasuryVaultV2.isSwapApproved
DA:402,2
DA:403,2
DA:404,0
BRDA:404,35,0,-
DA:405,2
DA:406,2
DA:409,2014
FN:409,ProjectTreasuryVaultV2.configureBasketRoute
FNDA:2014,ProjectTreasuryVaultV2.configureBasketRoute
DA:415,2014
DA:421,0
FN:421,ProjectTreasuryVaultV2.initializeBasketRouteFromLauncher
FNDA:0,ProjectTreasuryVaultV2.initializeBasketRouteFromLauncher
DA:426,0
BRDA:426,36,0,-
DA:427,0
DA:429,0
BRDA:429,37,0,-
DA:430,0
DA:432,0
BRDA:432,38,0,-
DA:434,0
DA:435,0
DA:438,2014
FN:438,ProjectTreasuryVaultV2._configureBasketRoute
FNDA:2014,ProjectTreasuryVaultV2._configureBasketRoute
DA:442,2014
BRDA:442,39,0,0
DA:443,0
DA:445,2014
DA:446,2014
BRDA:446,40,0,0
DA:447,0
DA:449,2014
DA:450,2014
DA:452,0
DA:453,2014
DA:454,2020
DA:455,2020
DA:456,2020
DA:459,2014
DA:460,2014
DA:461,2014
DA:462,2014
DA:463,2014
DA:464,2014
DA:465,2014
DA:468,1
FN:468,ProjectTreasuryVaultV2.disableBasketRoute
FNDA:1,ProjectTreasuryVaultV2.disableBasketRoute
DA:469,1
BRDA:469,41,0,0
DA:470,0
DA:473,18943
FN:473,ProjectTreasuryVaultV2.executeBasketRoute
FNDA:18943,ProjectTreasuryVaultV2.executeBasketRoute
DA:478,18943
DA:479,18943
BRDA:479,42,0,0
DA:480,18943
DA:481,18943
BRDA:481,43,0,0
DA:482,18943
DA:483,18943
DA:484,18943
DA:486,18943
DA:487,18943
DA:488,18943
DA:489,18943
BRDA:489,44,0,0
BRDA:489,44,1,0
DA:490,0
DA:494,18943
DA:495,18943
DA:496,18943
DA:498,18942
DA:500,18942
BRDA:500,45,0,0
DA:501,0
DA:504,18942
DA:505,18942
DA:506,18942
BRDA:506,46,0,0
DA:507,18942
DA:508,18942
DA:511,1
FN:511,ProjectTreasuryVaultV2.syncBasketNft
FNDA:1,ProjectTreasuryVaultV2.syncBasketNft
DA:512,1
DA:513,0
BRDA:513,47,0,-
DA:514,0
DA:517,2
FN:517,ProjectTreasuryVaultV2.transferBasketNft
FNDA:2,ProjectTreasuryVaultV2.transferBasketNft
DA:522,2
DA:523,2
DA:524,2
BRDA:524,48,0,0
DA:525,2
DA:526,2
DA:527,2
DA:530,1
FN:530,ProjectTreasuryVaultV2.updateOwnedBasket
FNDA:1,ProjectTreasuryVaultV2.updateOwnedBasket
DA:535,1
DA:536,1
DA:537,1
DA:540,3
FN:540,ProjectTreasuryVaultV2.beginOwnedBasketBurn
FNDA:3,ProjectTreasuryVaultV2.beginOwnedBasketBurn
DA:541,3
DA:542,3
BRDA:542,49,0,0
DA:543,3
DA:544,3
DA:547,2
FN:547,ProjectTreasuryVaultV2.finalizeOwnedBasketBurn
FNDA:2,ProjectTreasuryVaultV2.finalizeOwnedBasketBurn
DA:553,2
DA:554,2
DA:555,2
DA:556,2
DA:558,2
DA:559,2
DA:560,2
DA:561,2
DA:562,2
DA:563,2
DA:564,2
DA:565,2
DA:568,2
DA:569,2
DA:570,2
DA:571,2
BRDA:571,50,0,0
DA:572,0
DA:574,2
DA:575,2
DA:577,2
BRDA:577,51,0,1
DA:578,1
DA:580,2
DA:581,2
DA:582,2
DA:583,0
BRDA:583,52,0,1
DA:585,2
BRDA:585,53,0,0
DA:586,0
DA:588,2
DA:589,2
DA:590,2
BRDA:590,54,0,0
DA:591,2
DA:592,2
DA:593,2
DA:594,2
BRDA:594,55,0,0
DA:595,0
DA:596,0
DA:598,2
BRDA:598,56,0,0
DA:599,2
BRDA:599,57,0,2
DA:600,2
DA:603,2
DA:604,0
BRDA:604,58,0,-
DA:605,0
DA:607,2
DA:609,2
DA:610,2
DA:611,2
DA:612,2
BRDA:612,59,0,1
DA:613,1
DA:615,0
BRDA:615,60,0,-
DA:617,1
DA:618,1
DA:621,42
FN:621,ProjectTreasuryVaultV2.onERC721Received
FNDA:42,ProjectTreasuryVaultV2.onERC721Received
DA:626,42
BRDA:626,61,0,0
DA:627,42
DA:628,42
BRDA:628,62,0,0
DA:629,42
DA:630,42
DA:633,1
FN:633,ProjectTreasuryVaultV2.measuredBalance
FNDA:1,ProjectTreasuryVaultV2.measuredBalance
DA:634,1
DA:637,93118
FN:637,ProjectTreasuryVaultV2.availableBalance
FNDA:93118,ProjectTreasuryVaultV2.availableBalance
DA:638,93118
DA:641,1
FN:641,ProjectTreasuryVaultV2.isAssetBacked
FNDA:1,ProjectTreasuryVaultV2.isAssetBacked
DA:642,1
DA:643,1
DA:646,0
FN:646,ProjectTreasuryVaultV2.basketRoute
FNDA:0,ProjectTreasuryVaultV2.basketRoute
DA:658,0
DA:668,0
FN:668,ProjectTreasuryVaultV2.isBasketRouteAsset
FNDA:0,ProjectTreasuryVaultV2.isBasketRouteAsset
DA:669,0
DA:673,1
FN:673,ProjectTreasuryVaultV2.basketRouteStatus
FNDA:1,ProjectTreasuryVaultV2.basketRouteStatus
DA:684,1
DA:693,2
FN:693,ProjectTreasuryVaultV2.ownedBasketCount
FNDA:2,ProjectTreasuryVaultV2.ownedBasketCount
DA:694,2
DA:697,1
FN:697,ProjectTreasuryVaultV2.ownedBasketAt
FNDA:1,ProjectTreasuryVaultV2.ownedBasketAt
DA:698,1
DA:701,0
FN:701,ProjectTreasuryVaultV2.ownedBasketIds
FNDA:0,ProjectTreasuryVaultV2.ownedBasketIds
DA:702,0
DA:705,5
FN:705,ProjectTreasuryVaultV2.isOwnedBasketRegistered
FNDA:5,ProjectTreasuryVaultV2.isOwnedBasketRegistered
DA:706,5
DA:709,20976
FN:709,ProjectTreasuryVaultV2._syncAsset
FNDA:20976,ProjectTreasuryVaultV2._syncAsset
DA:710,20976
DA:711,20976
DA:712,20976
DA:713,20976
BRDA:713,63,0,0
DA:714,20976
DA:715,20976
DA:716,20976
DA:719,21975
FN:719,ProjectTreasuryVaultV2._reservePolicyShare
FNDA:21975,ProjectTreasuryVaultV2._reservePolicyShare
DA:720,21975
DA:721,21975
BRDA:721,64,0,20912
DA:722,20912
DA:723,20912
DA:727,2017
FN:727,ProjectTreasuryVaultV2._releaseBasketRoute
FNDA:2017,ProjectTreasuryVaultV2._releaseBasketRoute
DA:728,2017
DA:729,2017
DA:730,3
DA:731,3
DA:732,3
BRDA:732,65,0,3
DA:733,3
DA:734,3
DA:736,3
DA:739,2017
DA:740,2017
DA:741,2017
DA:742,2017
DA:743,2017
DA:746,3
FN:746,ProjectTreasuryVaultV2._disableBasketRoute
FNDA:3,ProjectTreasuryVaultV2._disableBasketRoute
DA:747,3
DA:748,0
DA:749,3
DA:752,50519
FN:752,ProjectTreasuryVaultV2._requireRouteable
FNDA:50519,ProjectTreasuryVaultV2._requireRouteable
DA:753,50519
BRDA:753,66,0,9601
DA:754,9601
DA:758,8
FN:758,ProjectTreasuryVaultV2._requireRegisteredOwnedBasket
FNDA:8,ProjectTreasuryVaultV2._requireRegisteredOwnedBasket
DA:759,8
BRDA:759,67,0,0
DA:760,8
DA:763,21008
FN:763,ProjectTreasuryVaultV2._requireOwnedBasket
FNDA:21008,ProjectTreasuryVaultV2._requireOwnedBasket
DA:764,21008
BRDA:764,68,0,1
DA:765,21007
DA:766,21007
BRDA:766,69,0,0
DA:767,0
DA:769,21007
DA:770,21007
BRDA:770,70,0,0
DA:773,21053
FN:773,ProjectTreasuryVaultV2._basketNft
FNDA:21053,ProjectTreasuryVaultV2._basketNft
DA:774,21053
BRDA:774,71,0,0
DA:775,21053
DA:776,21053
BRDA:776,72,0,0
DA:779,2014
FN:779,ProjectTreasuryVaultV2._validateSortedRouteAssets
FNDA:2014,ProjectTreasuryVaultV2._validateSortedRouteAssets
DA:780,2014
DA:781,2014
BRDA:781,73,0,0
DA:782,0
DA:784,2014
DA:785,2014
DA:786,2020
DA:787,2020
DA:788,2020
BRDA:788,74,0,0
DA:789,0
DA:791,2020
DA:795,2
FN:795,ProjectTreasuryVaultV2._validateSortedRedemptionAssets
FNDA:2,ProjectTreasuryVaultV2._validateSortedRedemptionAssets
DA:796,2
DA:797,2
BRDA:797,75,0,0
DA:798,0
DA:800,2
DA:801,2
DA:802,2
DA:803,2
DA:804,2
BRDA:804,76,0,0
DA:805,0
DA:807,2
DA:811,1005
FN:811,ProjectTreasuryVaultV2._creditMeasuredReceipt
FNDA:1005,ProjectTreasuryVaultV2._creditMeasuredReceipt
DA:814,1005
DA:815,1005
BRDA:815,77,0,0
DA:816,1005
DA:817,1005
BRDA:817,78,0,0
DA:818,1005
DA:821,111260
FN:821,ProjectTreasuryVaultV2._assertBacked
FNDA:111260,ProjectTreasuryVaultV2._assertBacked
DA:822,111260
DA:823,111260
DA:824,111260
BRDA:824,79,0,0
DA:827,246066
FN:827,ProjectTreasuryVaultV2._measuredBalance
FNDA:246066,ProjectTreasuryVaultV2._measuredBalance
DA:828,246066
DA:829,246066
DA:832,60971
FN:832,ProjectTreasuryVaultV2._validateAsset
FNDA:60971,ProjectTreasuryVaultV2._validateAsset
DA:833,60971
BRDA:833,80,0,0
DA:836,54341
FN:836,ProjectTreasuryVaultV2._validateErc20
FNDA:54341,ProjectTreasuryVaultV2._validateErc20
DA:837,54341
BRDA:837,81,0,0
DA:840,35963
FN:840,ProjectTreasuryVaultV2._validateRecipient
FNDA:35963,ProjectTreasuryVaultV2._validateRecipient
DA:841,35963
BRDA:841,82,0,0
DA:842,0
FNF:49
FNH:44
LF:395
LH:337
BRF:88
BRH:22
end_of_record
